f951: Warning: Nonconforming tab character in column 1 of line 253 [-Wtabs]
f951: Warning: Nonconforming tab character in column 1 of line 2124 [-Wtabs]
f951: Warning: Nonconforming tab character in column 1 of line 2126 [-Wtabs]
f951: Warning: Nonconforming tab character in column 1 of line 2131 [-Wtabs]
f951: Warning: Nonconforming tab character in column 2 of line 2132 [-Wtabs]
f951: Warning: Nonconforming tab character in column 1 of line 2409 [-Wtabs]
f951: Warning: Nonconforming tab character in column 1 of line 2411 [-Wtabs]
f951: Warning: Nonconforming tab character in column 1 of line 2416 [-Wtabs]
f951: Warning: Nonconforming tab character in column 2 of line 2417 [-Wtabs]
f951: Warning: Nonconforming tab character in column 1 of line 3090 [-Wtabs]
f951: Warning: Nonconforming tab character in column 1 of line 3091 [-Wtabs]
f951: Warning: Nonconforming tab character in column 1 of line 3092 [-Wtabs]
f951: Warning: Nonconforming tab character in column 1 of line 3093 [-Wtabs]
f951: Warning: Nonconforming tab character in column 1 of line 3094 [-Wtabs]
f951: Warning: Nonconforming tab character in column 1 of line 3096 [-Wtabs]
f951: Warning: Nonconforming tab character in column 1 of line 3101 [-Wtabs]
f951: Warning: Nonconforming tab character in column 1 of line 3103 [-Wtabs]
f951: Warning: Nonconforming tab character in column 1 of line 3107 [-Wtabs]
f951: Warning: Nonconforming tab character in column 1 of line 3109 [-Wtabs]
f951: Warning: Nonconforming tab character in column 1 of line 3110 [-Wtabs]
f951: Warning: Nonconforming tab character in column 1 of line 3112 [-Wtabs]
f951: Warning: Nonconforming tab character in column 1 of line 3113 [-Wtabs]
f951: Warning: Nonconforming tab character in column 1 of line 5570 [-Wtabs]
f951: Warning: Nonconforming tab character in column 1 of line 5572 [-Wtabs]
f951: Warning: Nonconforming tab character in column 1 of line 5577 [-Wtabs]
f951: Warning: Nonconforming tab character in column 2 of line 5578 [-Wtabs]
f951: Warning: Nonconforming tab character in column 1 of line 6836 [-Wtabs]
f951: Warning: Nonconforming tab character in column 1 of line 6838 [-Wtabs]
f951: Warning: Nonconforming tab character in column 1 of line 6843 [-Wtabs]
f951: Warning: Nonconforming tab character in column 2 of line 6844 [-Wtabs]
f951: Warning: Nonconforming tab character in column 1 of line 7466 [-Wtabs]
f951: Warning: Nonconforming tab character in column 1 of line 7470 [-Wtabs]
f951: Warning: Nonconforming tab character in column 1 of line 7475 [-Wtabs]
f951: Warning: Nonconforming tab character in column 2 of line 7477 [-Wtabs]
scatcc.f90:259:20:

  259 |         li=ql(ich)
      |                         1
Warning: Nonconforming tab character at (1) [-Wtabs]
scatcc.f90:279:72:

  279 |         do 5 j=1,nbas
      |                                                                        1
Warning: Fortran 2018 deleted feature: Shared DO termination label 5 at (1)
scatcc.f90:2124:72:

 2124 |          DO 24 IS=1,NCH
      |                                                                               1
Warning: Fortran 2018 deleted feature: Shared DO termination label 24 at (1)
scatcc.f90:2130:72:

 2130 |         DO 34 is=1,nch   ! j
      |                                                                        1
Warning: Fortran 2018 deleted feature: Shared DO termination label 34 at (1)
scatcc.f90:2409:72:

 2409 |          DO 24 IS=1,NCH
      |                                                                               1
Warning: Fortran 2018 deleted feature: Shared DO termination label 24 at (1)
scatcc.f90:2415:72:

 2415 |         DO 34 is=1,nch   ! j
      |                                                                        1
Warning: Fortran 2018 deleted feature: Shared DO termination label 34 at (1)
scatcc.f90:3095:8:

 3095 |      X             V(MAXB,MAXCH),C,ZERO
      |         1~~~~~~~
Warning: Nonconforming tab character at (1) [-Wtabs]
scatcc.f90:3101:72:

 3101 |              DO 24 J=1,NEQS
      |                                                                               1
Warning: Fortran 2018 deleted feature: Shared DO termination label 24 at (1)
scatcc.f90:3108:72:

 3108 |             DO 34 J=1,NEQS
      |                                                                        1
Warning: Fortran 2018 deleted feature: Shared DO termination label 34 at (1)
scatcc.f90:5570:72:

 5570 |          DO 24 IS=1,NCH
      |                                                                               1
Warning: Fortran 2018 deleted feature: Shared DO termination label 24 at (1)
scatcc.f90:5576:72:

 5576 |         DO 34 is=1,nch   ! j
      |                                                                        1
Warning: Fortran 2018 deleted feature: Shared DO termination label 34 at (1)
scatcc.f90:6836:72:

 6836 |          DO 24 IS=1,NCH
      |                                                                               1
Warning: Fortran 2018 deleted feature: Shared DO termination label 24 at (1)
scatcc.f90:6842:72:

 6842 |         DO 34 is=1,nch   ! j
      |                                                                        1
Warning: Fortran 2018 deleted feature: Shared DO termination label 34 at (1)
scatcc.f90:7076:67:

 7076 |       complex*32,parameter:: onec=(1.0Q0, 0.0Q0),zero=(0.0Q0, 0.0Q0)
      |                                                                   1
Warning: Extension: exponent-letter ‘q’ in real-literal-constant at (1) [-Wreal-q-constant]
scatcc.f90:7097:20:

 7097 |       R12 = 1Q0/12Q0
      |                    1
Warning: Extension: exponent-letter ‘q’ in real-literal-constant at (1) [-Wreal-q-constant]
scatcc.f90:7098:20:

 7098 |       ENA2 = 2Q0/5Q0 * R12**2
      |                    1
Warning: Extension: exponent-letter ‘q’ in real-literal-constant at (1) [-Wreal-q-constant]
scatcc.f90:7099:23:

 7099 |       ENA3 = - 4Q0/35Q0 * R12**3
      |                       1
Warning: Extension: exponent-letter ‘q’ in real-literal-constant at (1) [-Wreal-q-constant]
scatcc.f90:7105:27:

 7105 |       big=huge(big)**(0.8Q0)
      |                           1
Warning: Extension: exponent-letter ‘q’ in real-literal-constant at (1) [-Wreal-q-constant]
scatcc.f90:7106:33:

 7106 |       small=epsilon(small)**0.8Q0
      |                                 1
Warning: Extension: exponent-letter ‘q’ in real-literal-constant at (1) [-Wreal-q-constant]
scatcc.f90:7231:26:

 7231 |         z0(ich,ich)= 1.0Q-20  !TEEEEEEEEEEEEEEEEEEEEEESSSSST!
      |                          1
Warning: Extension: exponent-letter ‘q’ in real-literal-constant at (1) [-Wreal-q-constant]
scatcc.f90:7341:16:

 7341 |       renorm=1Q0
      |                1
Warning: Extension: exponent-letter ‘q’ in real-literal-constant at (1) [-Wreal-q-constant]
scatcc.f90:7351:16:

 7351 |       renorm=1Q0/renorm
      |                1
Warning: Extension: exponent-letter ‘q’ in real-literal-constant at (1) [-Wreal-q-constant]
scatcc.f90:7368:17:

 7368 |       maxz0=1.0Q-30
      |                 1
Warning: Extension: exponent-letter ‘q’ in real-literal-constant at (1) [-Wreal-q-constant]
scatcc.f90:7369:17:

 7369 |       minz0=1.0Q30
      |                 1
Warning: Extension: exponent-letter ‘q’ in real-literal-constant at (1) [-Wreal-q-constant]
scatcc.f90:7373:34:

 7373 |       if (abs(z0(ich,is)).gt.1.0Q0/big) then
      |                                  1
Warning: Extension: exponent-letter ‘q’ in real-literal-constant at (1) [-Wreal-q-constant]
scatcc.f90:7384:18:

 7384 |       renorm=1.0Q0/maxz0
      |                  1
Warning: Extension: exponent-letter ‘q’ in real-literal-constant at (1) [-Wreal-q-constant]
scatcc.f90:7452:29:

 7452 |             y0(ich,ich)=1.0Q-20
      |                             1
Warning: Extension: exponent-letter ‘q’ in real-literal-constant at (1) [-Wreal-q-constant]
scatcc.f90:7466:72:

 7466 |          DO 24 IS=1,NCH
      |                                                                               1
Warning: Fortran 2018 deleted feature: Shared DO termination label 24 at (1)
scatcc.f90:7474:72:

 7474 |         DO 34 is=1,nch   ! j
      |                                                                        1
Warning: Fortran 2018 deleted feature: Shared DO termination label 34 at (1)
scatcc.f90:7535:15:

 7535 |       zpv=2.0Q0*ziv - zm(ich,is) - v(ich,is) - s(ich)*y0(ich,is)
      |               1
Warning: Extension: exponent-letter ‘q’ in real-literal-constant at (1) [-Wreal-q-constant]
scatcc.f90:8140:48:

 8140 |       PARAMETER          ( ONE = ( 1.0Q+0, 0.0Q+0 ) )
      |                                                1
Warning: Extension: exponent-letter ‘q’ in real-literal-constant at (1) [-Wreal-q-constant]
scatcc.f90:8287:48:

 8287 |       PARAMETER          ( ONE = ( 1.0Q+0, 0.0Q+0 ) )
      |                                                1
Warning: Extension: exponent-letter ‘q’ in real-literal-constant at (1) [-Wreal-q-constant]
scatcc.f90:8911:47:

 8911 |      $                   ZERO = ( 0.0Q+0, 0.0Q+0 ) )
      |                                               1
Warning: Extension: exponent-letter ‘q’ in real-literal-constant at (1) [-Wreal-q-constant]
scatcc.f90:9103:47:

 9103 |      $                   ZERO = ( 0.0Q+0, 0.0Q+0 ) )
      |                                               1
Warning: Extension: exponent-letter ‘q’ in real-literal-constant at (1) [-Wreal-q-constant]
scatcc.f90:9214:53:

 9214 |       PARAMETER          ( ONE = 1.0Q+0, ZERO = 0.0Q+0 )
      |                                                     1
Warning: Extension: exponent-letter ‘q’ in real-literal-constant at (1) [-Wreal-q-constant]
scatcc.f90:9490:35:

 9490 |       PARAMETER (ONE= (1.0Q+0,0.0Q+0))
      |                                   1
Warning: Extension: exponent-letter ‘q’ in real-literal-constant at (1) [-Wreal-q-constant]
scatcc.f90:9492:36:

 9492 |       PARAMETER (ZERO= (0.0Q+0,0.0Q+0))
      |                                    1
Warning: Extension: exponent-letter ‘q’ in real-literal-constant at (1) [-Wreal-q-constant]
scatcc.f90:9963:35:

 9963 |       PARAMETER (ONE= (1.0Q+0,0.0Q+0))
      |                                   1
Warning: Extension: exponent-letter ‘q’ in real-literal-constant at (1) [-Wreal-q-constant]
scatcc.f90:9965:36:

 9965 |       PARAMETER (ZERO= (0.0Q+0,0.0Q+0))
      |                                    1
Warning: Extension: exponent-letter ‘q’ in real-literal-constant at (1) [-Wreal-q-constant]
scatcc.f90:10309:35:

10309 |       PARAMETER (ONE= (1.0Q+0,0.0Q+0))
      |                                   1
Warning: Extension: exponent-letter ‘q’ in real-literal-constant at (1) [-Wreal-q-constant]
scatcc.f90:10311:36:

10311 |       PARAMETER (ZERO= (0.0Q+0,0.0Q+0))
      |                                    1
Warning: Extension: exponent-letter ‘q’ in real-literal-constant at (1) [-Wreal-q-constant]
scatcc.f90:10649:36:

10649 |       PARAMETER (ZERO= (0.0Q+0,0.0Q+0))
      |                                    1
Warning: Extension: exponent-letter ‘q’ in real-literal-constant at (1) [-Wreal-q-constant]
scatcc.f90:10938:36:

10938 |       PARAMETER (ZERO= (0.0Q+0,0.0Q+0))
      |                                    1
Warning: Extension: exponent-letter ‘q’ in real-literal-constant at (1) [-Wreal-q-constant]
scatcc.f90:11038:53:

11038 |       PARAMETER          ( ONE = 1.0Q+0, ZERO = 0.0Q+0 )
      |                                                     1
Warning: Extension: exponent-letter ‘q’ in real-literal-constant at (1) [-Wreal-q-constant]
scatcc.f90:11132:39:

11132 |       PARAMETER          ( ZERO = 0.0Q+0 )
      |                                       1
Warning: Extension: exponent-letter ‘q’ in real-literal-constant at (1) [-Wreal-q-constant]
scatcc.f90:11185:38:

11185 |       PARAMETER (ONE=1.0Q+0,ZERO=0.0Q+0)
      |                                      1
Warning: Extension: exponent-letter ‘q’ in real-literal-constant at (1) [-Wreal-q-constant]
scatcc.f90:11313:33:

11313 |           ZX(IX) = CMPLX(DA,0.0q0,16)*ZX(IX)
      |                                 1
Warning: Extension: exponent-letter ‘q’ in real-literal-constant at (1) [-Wreal-q-constant]
scatcc.f90:11321:32:

11321 |           ZX(I) = CMPLX(DA,0.0q0,16)*ZX(I)
      |                                1
Warning: Extension: exponent-letter ‘q’ in real-literal-constant at (1) [-Wreal-q-constant]
scatcc.f90:11574:47:

11574 |       PARAMETER        ( ONE  = ( 1.0Q+0, 0.0Q+0 ) )
      |                                               1
Warning: Extension: exponent-letter ‘q’ in real-literal-constant at (1) [-Wreal-q-constant]
scatcc.f90:11576:47:

11576 |       PARAMETER        ( ZERO = ( 0.0Q+0, 0.0Q+0 ) )
      |                                               1
Warning: Extension: exponent-letter ‘q’ in real-literal-constant at (1) [-Wreal-q-constant]
scatcc.f90:580:3:

  580 | 101   format(/A, 10(/"d(", I1, ") = ", F10.6, SP, F10.6, SS, " I",
      |   1
Warning: Label 101 at (1) defined but not used [-Wunused-label]
scatcc.f90:2095:14:

 2095 |       s(ich)= h2*(-l*(l+1)/r**2         ! centrifugal
      |              1
Warning: Possible change of value in conversion from COMPLEX(8) to REAL(8) at (1) [-Wconversion]
scatcc.f90:2103:18:

 2103 |       y0(ich,is)= z0(ich,is)*
      |                  1
Warning: Possible change of value in conversion from COMPLEX(8) to REAL(8) at (1) [-Wconversion]
scatcc.f90:2110:16:

 2110 |       w0(is,is)=(ONEC - S(is) * (R12 - S(is)*(ENA2 + S(is)*ENA3)))
      |                1
Warning: Possible change of value in conversion from COMPLEX(8) to REAL(8) at (1) [-Wconversion]
scatcc.f90:2115:17:

 2115 |       coupl(:,:)=-h2*conv*vcoup(:,:,ir)
      |                 1
Warning: Possible change of value in conversion from COMPLEX(8) to REAL(8) at (1) [-Wconversion]
scatcc.f90:2126:35:

 2126 |          if(C/=ZERO) y0(ich,1:nch) = y0(ich,1:nch) - C * z0(is,1:nch)
      |                                          1
Warning: Possible change of value in conversion from COMPLEX(8) to REAL(8) at (1) [-Wconversion]
scatcc.f90:2132:34:

 2132 |          if(C/=ZERO) V(ich,1:nch) = V(ich,1:nch) + C * y0(is,1:nch)
      |                                        1
Warning: Possible change of value in conversion from COMPLEX(8) to REAL(8) at (1) [-Wconversion]
scatcc.f90:4317:3:

 4317 | 101   format(/A, 10(/"d(", I1, ") = ", F10.6, SP, F10.6, SS, " I",
      |   1
Warning: Label 101 at (1) defined but not used [-Wunused-label]
scatcc.f90:4313:46:

 4313 |          if(abs(evec(ich)).gt.small) eph(ich)=(0.,-0.5)*LOG(evec(ich))
      |                                              1
Warning: Possible change of value in conversion from COMPLEX(8) to REAL(8) at (1) [-Wconversion]
scatcc.f90:4327:14:

 4327 |         phr = (0.,-0.5) * LOG(smati(iref))
      |              1
Warning: Possible change of value in conversion from COMPLEX(8) to REAL(8) at (1) [-Wconversion]
scatcc.f90:4061:3:

 4061 | 101   format(/A, 10(/"d(", I1, ") = ", F10.6, SP, F10.6, SS, " I",
      |   1
Warning: Label 101 at (1) defined but not used [-Wunused-label]
scatcc.f90:4002:14:

 4002 |         phr = (0.,-0.5) * LOG(smati(iref))
      |              1
Warning: Possible change of value in conversion from COMPLEX(8) to REAL(8) at (1) [-Wconversion]
scatcc.f90:4057:46:

 4057 |          if(abs(evec(ich)).gt.small) eph(ich)=(0.,-0.5)*LOG(evec(ich))
      |                                              1
Warning: Possible change of value in conversion from COMPLEX(8) to REAL(8) at (1) [-Wconversion]
scatcc.f90:369:19:

  369 |           ch=cmplx(g(li),f(li))  ! H^(+)
      |                   1
Warning: Conversion from REAL(8) to default-kind COMPLEX(4) at (1) might lose precision, consider using the KIND argument [-Wconversion]
scatcc.f90:451:17:

  451 |         ch=cmplx(g(li),f(li))  ! H^(+)
      |                 1
Warning: Conversion from REAL(8) to default-kind COMPLEX(4) at (1) might lose precision, consider using the KIND argument [-Wconversion]
scatcc.f90:490:13:

  490 |       deltai=phase(inc)  ! elastic phase shift
      |             1
Warning: Possible change of value in conversion from COMPLEX(8) to REAL(8) at (1) [-Wconversion]
scatcc.f90:576:46:

  576 |          if(abs(evec(ich)).gt.small) eph(ich)=(0.,-0.5)*LOG(evec(ich))
      |                                              1
Warning: Possible change of value in conversion from COMPLEX(8) to REAL(8) at (1) [-Wconversion]
scatcc.f90:937:2:

  937 | 50      aux= (kch(ich)*h)**(l+1)/exp(0.5*dlfac2(l))
      |  1
Warning: Label 50 at (1) defined but not used [-Wunused-label]
scatcc.f90:3741:14:

 3741 |         phr = (0.,-0.5) * LOG(smat(inc))
      |              1
Warning: Possible change of value in conversion from COMPLEX(8) to REAL(8) at (1) [-Wconversion]
scatcc.f90:3309:14:

 3309 |         phr = (0.,-0.5) * LOG(smat(inc))
      |              1
Warning: Possible change of value in conversion from COMPLEX(8) to REAL(8) at (1) [-Wconversion]
scatcc.f90:3498:14:

 3498 |         phr = (0.,-0.5) * LOG(smat(inc))
      |              1
Warning: Possible change of value in conversion from COMPLEX(8) to REAL(8) at (1) [-Wconversion]
scatcc.f90:4458:13:

 4458 |        ccoef=(y1*ch2-y2*ch1)/(chp1*ch2-chp2*ch1)*kch(ich)
      |             1
Warning: Possible change of value in conversion from COMPLEX(8) to REAL(8) at (1) [-Wconversion]
scatcc.f90:4459:13:

 4459 |        dcoef=(y1*chp2-y2*chp1)/(ch1*chp2-ch2*chp1)*kch(ich)
      |             1
Warning: Possible change of value in conversion from COMPLEX(8) to REAL(8) at (1) [-Wconversion]
scatcc.f90:4522:20:

 4522 |       nmat(iop,ich)=(sum(conjg(bmat(iop,1:nop))*bmat(ich,1:nop))
      |                    1
Warning: Possible change of value in conversion from COMPLEX(8) to REAL(8) at (1) [-Wconversion]
scatcc.f90:4589:13:

 4589 |         raux=raux + ci*cj*nmat(i,j)
      |             1
Warning: Possible change of value in conversion from COMPLEX(8) to REAL(8) at (1) [-Wconversion]
scatcc.f90:5076:2:

 5076 | 50      aux= (kch(ich)*h)**(l+1)/exp(0.5*dlfac2(l))
      |  1
Warning: Label 50 at (1) defined but not used [-Wunused-label]
scatcc.f90:6241:46:

 6241 |          if(abs(evec(ich)).gt.small) eph(ich)=(0.,-0.5)*LOG(evec(ich))
      |                                              1
Warning: Possible change of value in conversion from COMPLEX(8) to REAL(8) at (1) [-Wconversion]
scatcc.f90:7361:25:

 7361 |             y(ich,is,jr)=y(ich,is,jr)*renorm
      |                         1
Warning: Possible change of value in conversion from COMPLEX(16) to COMPLEX(8) at (1) [-Wconversion]
scatcc.f90:7391:25:

 7391 |             y(ich,is,jr)=y(ich,is,jr)*renorm
      |                         1
Warning: Possible change of value in conversion from COMPLEX(16) to COMPLEX(8) at (1) [-Wconversion]
scatcc.f90:7440:17:

 7440 |       coupl(:,:)=-h2*conv*vcoup(:,:,ir)
      |                 1
Warning: Possible change of value in conversion from COMPLEX(16) to COMPLEX(8) at (1) [-Wconversion]
scatcc.f90:7515:16:

 7515 |       y(:,:,ir)=y0(:,:)
      |                1
Warning: Possible change of value in conversion from COMPLEX(16) to COMPLEX(8) at (1) [-Wconversion]
scatcc.f90:7522:14:

 7522 |       stolsma=s
      |              1
Warning: Possible change of value in conversion from COMPLEX(16) to COMPLEX(8) at (1) [-Wconversion]
scatcc.f90:7597:17:

 7597 |        y(:,:,ir)=y0(:,:) ! new (orthogonolized) solution at ir
      |                 1
Warning: Possible change of value in conversion from COMPLEX(16) to COMPLEX(8) at (1) [-Wconversion]
scatcc.f90:3565:34:

 3565 |       complex*16:: smat(nch),delta,scoul,anc,svel
      |                                  1
Warning: Unused variable ‘delta’ declared at (1) [-Wunused-variable]
scatcc.f90:3540:9:

 3540 |       use nmrv, only: nr,mu,ech,h,conv,rvec,nopen
      |         1
Warning: Unused module variable ‘h’ which has been explicitly imported at (1) [-Wunused-variable]
scatcc.f90:3549:16:

 3549 |       integer m1 ! coufg
      |                1
Warning: Unused variable ‘m1’ declared at (1) [-Wunused-variable]
scatcc.f90:3540:9:

 3540 |       use nmrv, only: nr,mu,ech,h,conv,rvec,nopen
      |         1
Warning: Unused module variable ‘mu’ which has been explicitly imported at (1) [-Wunused-variable]
scatcc.f90:3540:9:

 3540 |       use nmrv, only: nr,mu,ech,h,conv,rvec,nopen
      |         1
Warning: Unused module variable ‘nopen’ which has been explicitly imported at (1) [-Wunused-variable]
scatcc.f90:3565:40:

 3565 |       complex*16:: smat(nch),delta,scoul,anc,svel
      |                                        1
Warning: Unused variable ‘scoul’ declared at (1) [-Wunused-variable]
scatcc.f90:3563:36:

 3563 |       complex*16:: ci,test,yfac,tmat
      |                                    1
Warning: Unused variable ‘tmat’ declared at (1) [-Wunused-variable]
scatcc.f90:3560:38:

 3560 |       complex*16:: yd(nch,nch),yaux(5)
      |                                      1
Warning: Unused variable ‘yaux’ declared at (1) [-Wunused-variable]
scatcc.f90:3560:30:

 3560 |       complex*16:: yd(nch,nch),yaux(5)
      |                              1
Warning: Unused variable ‘yd’ declared at (1) [-Wunused-variable]
scatcc.f90:1843:9:

 1843 |       use nmrv,only   : conv,vcoup,h,debug,rvec
      |         1
Warning: Unused module variable ‘h’ which has been explicitly imported at (1) [-Wunused-variable]
scatcc.f90:4641:23:

 4641 |       complex*16 a(n,n),tau(n),work(2*n),rt(n,n),yp(n,n)
      |                       1
Warning: Unused variable ‘a’ declared at (1) [-Wunused-variable]
scatcc.f90:4634:9:

 4634 |       use nmrv, only: h,rvec
      |         1
Warning: Unused module variable ‘h’ which has been explicitly imported at (1) [-Wunused-variable]
scatcc.f90:4648:18:

 4648 |       integer ndim,lworkx
      |                  1
Warning: Unused variable ‘ndim’ declared at (1) [-Wunused-variable]
scatcc.f90:4634:9:

 4634 |       use nmrv, only: h,rvec
      |         1
Warning: Unused module variable ‘rvec’ which has been explicitly imported at (1) [-Wunused-variable]
scatcc.f90:11849:46:

11849 |       subroutine nutolsma(nch,s,yt,tolsma,h,ir)
      |                                              1
Warning: Unused dummy argument ‘ir’ at (1) [-Wunused-dummy-argument]
scatcc.f90:1594:48:

 1594 |       complex*16             :: a(n,n),ainv(n,n)
      |                                                1
Warning: Unused variable ‘ainv’ declared at (1) [-Wunused-variable]
scatcc.f90:1588:27:

 1588 |       subroutine w2y(w,y,ql,kch2,ir,n)
      |                           1
Warning: Unused dummy argument ‘ql’ at (1) [-Wunused-dummy-argument]
scatcc.f90:7679:23:

 7679 |       complex*32 a(n,n),tau(n),work(2*n),rt(n,n)
      |                       1
Warning: Unused variable ‘a’ declared at (1) [-Wunused-variable]
scatcc.f90:7674:9:

 7674 |       use nmrv, only: h,rvec
      |         1
Warning: Unused module variable ‘h’ which has been explicitly imported at (1) [-Wunused-variable]
scatcc.f90:7678:34:

 7678 |       integer info,lda,lwork,n,m,i,is,ich,ir
      |                                  1
Warning: Unused variable ‘i’ declared at (1) [-Wunused-variable]
scatcc.f90:7674:9:

 7674 |       use nmrv, only: h,rvec
      |         1
Warning: Unused module variable ‘rvec’ which has been explicitly imported at (1) [-Wunused-variable]
scatcc.f90:11031:17:

11031 |       real*16   A, B
      |                 1
Warning: Unused variable ‘a’ declared at (1) [-Wunused-variable]
scatcc.f90:11031:20:

11031 |       real*16   A, B
      |                    1
Warning: Unused variable ‘b’ declared at (1) [-Wunused-variable]
scatcc.f90:2874:23:

 2874 |       complex*16 a(n,n),tau(n),work(2*n),rt(n,n)
      |                       1
Warning: Unused variable ‘a’ declared at (1) [-Wunused-variable]
scatcc.f90:2887:20:

 2887 |       complex*16 det
      |                    1
Warning: Unused variable ‘det’ declared at (1) [-Wunused-variable]
scatcc.f90:2869:9:

 2869 |       use nmrv, only: h,rvec
      |         1
Warning: Unused module variable ‘h’ which has been explicitly imported at (1) [-Wunused-variable]
scatcc.f90:2873:34:

 2873 |       integer info,lda,lwork,n,m,i,is,ich,ir
      |                                  1
Warning: Unused variable ‘i’ declared at (1) [-Wunused-variable]
scatcc.f90:2869:9:

 2869 |       use nmrv, only: h,rvec
      |         1
Warning: Unused module variable ‘rvec’ which has been explicitly imported at (1) [-Wunused-variable]
scatcc.f90:2220:22:

 2220 |       complex*16 :: c1,c2,c
      |                      1
Warning: Unused variable ‘c1’ declared at (1) [-Wunused-variable]
scatcc.f90:2220:25:

 2220 |       complex*16 :: c1,c2,c
      |                         1
Warning: Unused variable ‘c2’ declared at (1) [-Wunused-variable]
scatcc.f90:2223:30:

 2223 |       complex*16 :: HDIAG(nch),w0(nch,nch),wm(nch,nch)
      |                              1
Warning: Unused variable ‘hdiag’ declared at (1) [-Wunused-variable]
scatcc.f90:2203:17:

 2203 |       integer:: i,j,k,im,ip,i0,norto
      |                 1
Warning: Unused variable ‘i’ declared at (1) [-Wunused-variable]
scatcc.f90:2202:31:

 2202 |       integer:: ir,irmin,is,isp,ich,inc,l,lmax
      |                               1
Warning: Unused variable ‘isp’ declared at (1) [-Wunused-variable]
scatcc.f90:2203:19:

 2203 |       integer:: i,j,k,im,ip,i0,norto
      |                   1
Warning: Unused variable ‘j’ declared at (1) [-Wunused-variable]
scatcc.f90:2203:21:

 2203 |       integer:: i,j,k,im,ip,i0,norto
      |                     1
Warning: Unused variable ‘k’ declared at (1) [-Wunused-variable]
scatcc.f90:2192:31:

 2192 |      & npt,wf,phase,smat,method,info,eph)
      |                               1
Warning: Unused dummy argument ‘method’ at (1) [-Wunused-dummy-argument]
scatcc.f90:2200:38:

 2200 |       logical:: copen(nch),orto,raynal,info
      |                                      1
Warning: Unused variable ‘raynal’ declared at (1) [-Wunused-variable]
scatcc.f90:2207:24:

 2207 |       real*8 :: ecm,tkch,eta,z12,r12,ena2,ena3
      |                        1
Warning: Unused variable ‘tkch’ declared at (1) [-Wunused-variable]
scatcc.f90:3817:35:

 3817 |       complex*16:: smati(nch),delta,scoul,anc,svel,smat(nch,nch)
      |                                   1
Warning: Unused variable ‘delta’ declared at (1) [-Wunused-variable]
scatcc.f90:3794:9:

 3794 |       use nmrv, only: nr,mu,ech,h,conv,rvec
      |         1
Warning: Unused module variable ‘h’ which has been explicitly imported at (1) [-Wunused-variable]
scatcc.f90:3794:9:

 3794 |       use nmrv, only: nr,mu,ech,h,conv,rvec
      |         1
Warning: Unused module variable ‘mu’ which has been explicitly imported at (1) [-Wunused-variable]
scatcc.f90:3817:41:

 3817 |       complex*16:: smati(nch),delta,scoul,anc,svel,smat(nch,nch)
      |                                         1
Warning: Unused variable ‘scoul’ declared at (1) [-Wunused-variable]
scatcc.f90:3815:36:

 3815 |       complex*16:: ci,test,yfac,tmat
      |                                    1
Warning: Unused variable ‘tmat’ declared at (1) [-Wunused-variable]
scatcc.f90:3812:38:

 3812 |       complex*16:: yd(nch,nch),yaux(5)
      |                                      1
Warning: Unused variable ‘yaux’ declared at (1) [-Wunused-variable]
scatcc.f90:3812:30:

 3812 |       complex*16:: yd(nch,nch),yaux(5)
      |                              1
Warning: Unused variable ‘yd’ declared at (1) [-Wunused-variable]
scatcc.f90:1942:30:

 1942 |       complex*16 :: a(nch,nch)
      |                              1
Warning: Unused variable ‘a’ declared at (1) [-Wunused-variable]
scatcc.f90:1943:22:

 1943 |       complex*16 :: c1,c2,c
      |                      1
Warning: Unused variable ‘c1’ declared at (1) [-Wunused-variable]
scatcc.f90:1943:25:

 1943 |       complex*16 :: c1,c2,c
      |                         1
Warning: Unused variable ‘c2’ declared at (1) [-Wunused-variable]
scatcc.f90:1930:28:

 1930 |       real*8 :: start,finish,aux,big,small,tmin,tmax
      |                            1
Warning: Unused variable ‘finish’ declared at (1) [-Wunused-variable]
scatcc.f90:1922:17:

 1922 |       integer:: i,j,k,im,ip,i0,norto
      |                 1
Warning: Unused variable ‘i’ declared at (1) [-Wunused-variable]
scatcc.f90:1921:31:

 1921 |       integer:: ir,irmin,is,isp,ich,inc,l,lmax
      |                               1
Warning: Unused variable ‘isp’ declared at (1) [-Wunused-variable]
scatcc.f90:1922:19:

 1922 |       integer:: i,j,k,im,ip,i0,norto
      |                   1
Warning: Unused variable ‘j’ declared at (1) [-Wunused-variable]
scatcc.f90:1922:21:

 1922 |       integer:: i,j,k,im,ip,i0,norto
      |                     1
Warning: Unused variable ‘k’ declared at (1) [-Wunused-variable]
scatcc.f90:1911:20:

 1911 |      & npt,wf,method,info)
      |                    1
Warning: Unused dummy argument ‘method’ at (1) [-Wunused-dummy-argument]
scatcc.f90:1919:38:

 1919 |       logical:: copen(nch),orto,raynal,info
      |                                      1
Warning: Unused variable ‘raynal’ declared at (1) [-Wunused-variable]
scatcc.f90:1924:30:

 1924 |       real*8     :: ymem,ti,tf
      |                              1
Warning: Unused variable ‘tf’ declared at (1) [-Wunused-variable]
scatcc.f90:1924:27:

 1924 |       real*8     :: ymem,ti,tf
      |                           1
Warning: Unused variable ‘ti’ declared at (1) [-Wunused-variable]
scatcc.f90:1926:24:

 1926 |       real*8 :: ecm,tkch,eta,z12,r12,ena2,ena3
      |                        1
Warning: Unused variable ‘tkch’ declared at (1) [-Wunused-variable]
scatcc.f90:1937:28:

 1937 |       real*8:: yaux(nch,nch)
      |                            1
Warning: Unused variable ‘yaux’ declared at (1) [-Wunused-variable]
scatcc.f90:4098:31:

 4098 |       real*8 :: phr,cph(0:lmax) !!!! changed to lmax check !!!!
      |                               1
Warning: Unused variable ‘cph’ declared at (1) [-Wunused-variable]
scatcc.f90:4107:35:

 4107 |       complex*16:: smati(nch),delta,scoul,anc,svel,smat(nch,nch)
      |                                   1
Warning: Unused variable ‘delta’ declared at (1) [-Wunused-variable]
scatcc.f90:4086:9:

 4086 |       use nmrv, only: nr,mu,ech,h,conv,rvec
      |         1
Warning: Unused module variable ‘h’ which has been explicitly imported at (1) [-Wunused-variable]
scatcc.f90:4091:32:

 4091 |       integer ich,is,inc,iref,ir,klog,nd,n1,n2,iop
      |                                1
Warning: Unused variable ‘ir’ declared at (1) [-Wunused-variable]
scatcc.f90:4086:9:

 4086 |       use nmrv, only: nr,mu,ech,h,conv,rvec
      |         1
Warning: Unused module variable ‘mu’ which has been explicitly imported at (1) [-Wunused-variable]
scatcc.f90:4106:33:

 4106 |       complex*16:: phase(nch),phc
      |                                 1
Warning: Unused variable ‘phc’ declared at (1) [-Wunused-variable]
scatcc.f90:4107:41:

 4107 |       complex*16:: smati(nch),delta,scoul,anc,svel,smat(nch,nch)
      |                                         1
Warning: Unused variable ‘scoul’ declared at (1) [-Wunused-variable]
scatcc.f90:4105:36:

 4105 |       complex*16:: ci,test,yfac,tmat
      |                                    1
Warning: Unused variable ‘tmat’ declared at (1) [-Wunused-variable]
scatcc.f90:4114:29:

 4114 |       real*8 :: WORK(NCH,NCH),
      |                             1
Warning: Unused variable ‘work’ declared at (1) [-Wunused-variable]
scatcc.f90:4115:26:

 4115 |      &          WORK1(NCH),WORK2(3*NCH)
      |                          1
Warning: Unused variable ‘work1’ declared at (1) [-Wunused-variable]
scatcc.f90:4115:39:

 4115 |      &          WORK1(NCH),WORK2(3*NCH)
      |                                       1
Warning: Unused variable ‘work2’ declared at (1) [-Wunused-variable]
scatcc.f90:4100:34:

 4100 |       real*8:: yd(nch,nch),yaux(5)
      |                                  1
Warning: Unused variable ‘yaux’ declared at (1) [-Wunused-variable]
scatcc.f90:4100:26:

 4100 |       real*8:: yd(nch,nch),yaux(5)
      |                          1
Warning: Unused variable ‘yd’ declared at (1) [-Wunused-variable]
scatcc.f90:78:45:

   78 |       complex*16 :: cfival,caux,phc,ph2,cauxp
      |                                             1
Warning: Unused variable ‘cauxp’ declared at (1) [-Wunused-variable]
scatcc.f90:82:27:

   82 |       complex*16 cfx(nchan)
      |                           1
Warning: Unused variable ‘cfx’ declared at (1) [-Wunused-variable]
scatcc.f90:61:46:

   61 |       real*8  :: ecm,ecmi,ecmf,de,excore,econt
      |                                              1
Warning: Unused variable ‘econt’ declared at (1) [-Wunused-variable]
scatcc.f90:45:9:

   45 |       use channels, only:jpiset,jtot,ql,qspl,qj,qspj,qjc,exc,
      |         1
Warning: Unused module variable ‘exc’ which has been explicitly imported at (1) [-Wunused-variable]
scatcc.f90:72:21:

   72 |       logical :: iftr,twf,ifrmat
      |                     1
Warning: Unused variable ‘iftr’ declared at (1) [-Wunused-variable]
scatcc.f90:96:22:

   96 |       integer:: iwrite=90
      |                      1
Warning: Unused variable ‘iwrite’ declared at (1) [-Wunused-variable]
scatcc.f90:62:35:

   62 |       real*8  :: dk,kf,ki,kcm,kcont,krm,tkch
      |                                   1
Warning: Unused variable ‘kcont’ declared at (1) [-Wunused-variable]
scatcc.f90:78:39:

   78 |       complex*16 :: cfival,caux,phc,ph2,cauxp
      |                                       1
Warning: Unused variable ‘ph2’ declared at (1) [-Wunused-variable]
scatcc.f90:97:49:

   97 |       real*8 :: eph(nchan),ener(ne),phz(nchan,ne)
      |                                                 1
Warning: Unused variable ‘phz’ declared at (1) [-Wunused-variable]
scatcc.f90:45:9:

   45 |       use channels, only:jpiset,jtot,ql,qspl,qj,qspj,qjc,exc,
      |         1
Warning: Unused module variable ‘qspj’ which has been explicitly imported at (1) [-Wunused-variable]
scatcc.f90:45:9:

   45 |       use channels, only:jpiset,jtot,ql,qspl,qj,qspj,qjc,exc,
      |         1
Warning: Unused module variable ‘qspl’ which has been explicitly imported at (1) [-Wunused-variable]
scatcc.f90:98:24:

   98 |       real*8 QUAD(NCHAN),QUAD1(NCHAN)
      |                        1
Warning: Unused variable ‘quad’ declared at (1) [-Wunused-variable]
scatcc.f90:98:37:

   98 |       real*8 QUAD(NCHAN),QUAD1(NCHAN)
      |                                     1
Warning: Unused variable ‘quad1’ declared at (1) [-Wunused-variable]
scatcc.f90:57:35:

   57 |       logical :: info,energy,realcc,debug,writewf
      |                                   1
Warning: Unused variable ‘realcc’ declared at (1) [-Wunused-variable]
scatcc.f90:52:9:

   52 |       use globals, only: written,verb
      |         1
Warning: Unused module variable ‘verb’ which has been explicitly imported at (1) [-Wunused-variable]
scatcc.f90:105:33:

  105 |       real*8 :: WORK(NCHAN,NCHAN),
      |                                 1
Warning: Unused variable ‘work’ declared at (1) [-Wunused-variable]
scatcc.f90:106:28:

  106 |      &          WORK1(NCHAN),WORK2(3*NCHAN)
      |                            1
Warning: Unused variable ‘work1’ declared at (1) [-Wunused-variable]
scatcc.f90:106:43:

  106 |      &          WORK1(NCHAN),WORK2(3*NCHAN)
      |                                           1
Warning: Unused variable ‘work2’ declared at (1) [-Wunused-variable]
scatcc.f90:610:9:

  610 |       use channels, only: jpiset, ql,qspl, qj, qspj,qjc,exc,cindex
      |         1
Warning: Unused module variable ‘exc’ which has been explicitly imported at (1) [-Wunused-variable]
scatcc.f90:617:16:

  617 |       integer ir,n,nchan,method
      |                1
Warning: Unused variable ‘ir’ declared at (1) [-Wunused-variable]
scatcc.f90:617:18:

  617 |       integer ir,n,nchan,method
      |                  1
Warning: Unused variable ‘n’ declared at (1) [-Wunused-variable]
scatcc.f90:610:9:

  610 |       use channels, only: jpiset, ql,qspl, qj, qspj,qjc,exc,cindex
      |         1
Warning: Unused module variable ‘qspj’ which has been explicitly imported at (1) [-Wunused-variable]
scatcc.f90:610:9:

  610 |       use channels, only: jpiset, ql,qspl, qj, qspj,qjc,exc,cindex
      |         1
Warning: Unused module variable ‘qspl’ which has been explicitly imported at (1) [-Wunused-variable]
scatcc.f90:619:21:

  619 |       real*8  ecm,z12,jtot,rm,factor,r0,vscale
      |                     1
Warning: Unused variable ‘z12’ declared at (1) [-Wunused-variable]
scatcc.f90:709:25:

  709 |       complex*16 cfx(nch)
      |                         1
Warning: Unused variable ‘cfx’ declared at (1) [-Wunused-variable]
scatcc.f90:685:54:

  685 |       subroutine schcc_rmat(nch,ecm,z12,inc,ql,conv,dr,
      |                                                      1
Warning: Unused dummy argument ‘dr’ at (1) [-Wunused-dummy-argument]
scatcc.f90:692:21:

  692 |       logical :: iftr,twf,info
      |                     1
Warning: Unused variable ‘iftr’ declared at (1) [-Wunused-variable]
scatcc.f90:686:31:

  686 |      & r0,nr,wf,phase,smat,info,nlag,ns)
      |                               1
Warning: Unused dummy argument ‘info’ at (1) [-Wunused-dummy-argument]
scatcc.f90:701:28:

  701 |       real*8  :: aux,jci,jcf
      |                            1
Warning: Unused variable ‘jcf’ declared at (1) [-Wunused-variable]
scatcc.f90:701:24:

  701 |       real*8  :: aux,jci,jcf
      |                        1
Warning: Unused variable ‘jci’ declared at (1) [-Wunused-variable]
scatcc.f90:694:23:

  694 |       integer :: ir,nma,nch,inc,nr,nmax,ql(nch)
      |                       1
Warning: Unused variable ‘nma’ declared at (1) [-Wunused-variable]
scatcc.f90:705:39:

  705 |       complex*16 :: cfival,caux,phc,ph2
      |                                       1
Warning: Unused variable ‘ph2’ declared at (1) [-Wunused-variable]
scatcc.f90:686:21:

  686 |      & r0,nr,wf,phase,smat,info,nlag,ns)
      |                     1
Warning: Unused dummy argument ‘phase’ at (1) [-Wunused-dummy-argument]
scatcc.f90:686:9:

  686 |      & r0,nr,wf,phase,smat,info,nlag,ns)
      |         1
Warning: Unused dummy argument ‘r0’ at (1) [-Wunused-dummy-argument]
scatcc.f90:698:24:

  698 |       real*8 :: ecm,tkch,z12,conv
      |                        1
Warning: Unused variable ‘tkch’ declared at (1) [-Wunused-variable]
scatcc.f90:686:15:

  686 |      & r0,nr,wf,phase,smat,info,nlag,ns)
      |               1
Warning: Dummy argument ‘wf’ at (1) was declared INTENT(OUT) but was not set [-Wunused-dummy-argument]
scatcc.f90:830:33:

  830 |       complex*16 :: a(nch,nch),c1,c2
      |                                 1
Warning: Unused variable ‘c1’ declared at (1) [-Wunused-variable]
scatcc.f90:830:36:

  830 |       complex*16 :: a(nch,nch),c1,c2
      |                                    1
Warning: Unused variable ‘c2’ declared at (1) [-Wunused-variable]
scatcc.f90:815:17:

  815 |       integer:: i,j,k,im,ip,i0,norto
      |                 1
Warning: Unused variable ‘i’ declared at (1) [-Wunused-variable]
scatcc.f90:814:31:

  814 |       integer:: ir,irmin,is,isp,ich,inc,l,lmax
      |                               1
Warning: Unused variable ‘isp’ declared at (1) [-Wunused-variable]
scatcc.f90:815:19:

  815 |       integer:: i,j,k,im,ip,i0,norto
      |                   1
Warning: Unused variable ‘j’ declared at (1) [-Wunused-variable]
scatcc.f90:815:21:

  815 |       integer:: i,j,k,im,ip,i0,norto
      |                     1
Warning: Unused variable ‘k’ declared at (1) [-Wunused-variable]
scatcc.f90:818:24:

  818 |       real*8 :: ecm,tkch,eta,z12
      |                        1
Warning: Unused variable ‘tkch’ declared at (1) [-Wunused-variable]
scatcc.f90:805:9:

  805 |       use nmrv,only: nr,h,vcoup,conv,ech,debug,rmin,hort,
      |         1
Warning: Unused module variable ‘vcoup’ which has been explicitly imported at (1) [-Wunused-variable]
scatcc.f90:1263:33:

 1263 |       complex*16 :: a(nch,nch),c1,c2
      |                                 1
Warning: Unused variable ‘c1’ declared at (1) [-Wunused-variable]
scatcc.f90:1263:36:

 1263 |       complex*16 :: a(nch,nch),c1,c2
      |                                    1
Warning: Unused variable ‘c2’ declared at (1) [-Wunused-variable]
scatcc.f90:1247:17:

 1247 |       integer:: i,j,k,im,ip,i0,norto
      |                 1
Warning: Unused variable ‘i’ declared at (1) [-Wunused-variable]
scatcc.f90:1246:31:

 1246 |       integer:: ir,irmin,is,isp,ich,inc,l,lmax
      |                               1
Warning: Unused variable ‘isp’ declared at (1) [-Wunused-variable]
scatcc.f90:1247:19:

 1247 |       integer:: i,j,k,im,ip,i0,norto
      |                   1
Warning: Unused variable ‘j’ declared at (1) [-Wunused-variable]
scatcc.f90:1247:21:

 1247 |       integer:: i,j,k,im,ip,i0,norto
      |                     1
Warning: Unused variable ‘k’ declared at (1) [-Wunused-variable]
scatcc.f90:1249:24:

 1249 |       real*8 :: ecm,tkch,eta,z12
      |                        1
Warning: Unused variable ‘tkch’ declared at (1) [-Wunused-variable]
scatcc.f90:1237:9:

 1237 |       use nmrv,only: nr,h,vcoup,conv,ech,debug,rmin,hort,rvec,rmort
      |         1
Warning: Unused module variable ‘vcoup’ which has been explicitly imported at (1) [-Wunused-variable]
scatcc.f90:1260:49:

 1260 |       complex*16 :: y(nch,nch,npt),w(nch,nch,npt)
      |                                                 1
Warning: Unused variable ‘w’ declared at (1) [-Wunused-variable]
scatcc.f90:1256:44:

 1256 |       complex*16, dimension(nch,nch):: yp,yc,y0,ym
      |                                            1
Warning: Unused variable ‘yc’ declared at (1) [-Wunused-variable]
scatcc.f90:1257:44:

 1257 |       complex*16, dimension(nch,nch):: zp,zc,z0,zm
      |                                            1
Warning: Unused variable ‘zc’ declared at (1) [-Wunused-variable]
scatcc.f90:1805:9:

 1805 |       use nmrv,only   : conv,vcoup,h,debug,rvec
      |         1
Warning: Unused module variable ‘h’ which has been explicitly imported at (1) [-Wunused-variable]
scatcc.f90:1808:27:

 1808 |       integer:: l,ir,ich,is,nch,ql(nch)
      |                           1
Warning: Unused variable ‘is’ declared at (1) [-Wunused-variable]
scatcc.f90:2574:23:

 2574 |       complex*16 a(n,n),tau(n),work(2*n),rt(n,n)
      |                       1
Warning: Unused variable ‘a’ declared at (1) [-Wunused-variable]
scatcc.f90:2567:9:

 2567 |       use nmrv, only: h,rvec
      |         1
Warning: Unused module variable ‘h’ which has been explicitly imported at (1) [-Wunused-variable]
scatcc.f90:2586:18:

 2586 |       integer ndim,lworkx
      |                  1
Warning: Unused variable ‘ndim’ declared at (1) [-Wunused-variable]
scatcc.f90:2567:9:

 2567 |       use nmrv, only: h,rvec
      |         1
Warning: Unused module variable ‘rvec’ which has been explicitly imported at (1) [-Wunused-variable]
scatcc.f90:3093:30:

 3093 |         INTEGER NEQS,MAXB,K,J,IT,MAXCH
      |                                     1
Warning: Unused variable ‘it’ declared at (1) [-Wunused-variable]
scatcc.f90:3152:34:

 3152 |       complex*16:: smat(nch),delta,scoul,anc,svel
      |                                  1
Warning: Unused variable ‘delta’ declared at (1) [-Wunused-variable]
scatcc.f90:3136:27:

 3136 |       integer ich,is,inc,ir,klog
      |                           1
Warning: Unused variable ‘ir’ declared at (1) [-Wunused-variable]
scatcc.f90:3131:9:

 3131 |       use nmrv, only: nr,mu,ech,h,conv
      |         1
Warning: Unused module variable ‘mu’ which has been explicitly imported at (1) [-Wunused-variable]
scatcc.f90:3152:40:

 3152 |       complex*16:: smat(nch),delta,scoul,anc,svel
      |                                        1
Warning: Unused variable ‘scoul’ declared at (1) [-Wunused-variable]
scatcc.f90:3150:36:

 3150 |       complex*16:: ci,test,yfac,tmat
      |                                    1
Warning: Unused variable ‘tmat’ declared at (1) [-Wunused-variable]
scatcc.f90:3370:34:

 3370 |       complex*16:: smat(nch),delta,scoul,anc,svel
      |                                  1
Warning: Unused variable ‘delta’ declared at (1) [-Wunused-variable]
scatcc.f90:3367:29:

 3367 |       complex*16:: ch,chd,det
      |                             1
Warning: Unused variable ‘det’ declared at (1) [-Wunused-variable]
scatcc.f90:3354:27:

 3354 |       integer ich,is,inc,ir,klog
      |                           1
Warning: Unused variable ‘ir’ declared at (1) [-Wunused-variable]
scatcc.f90:3338:9:

 3338 |       use nmrv, only: nr,mu,ech,h,conv
      |         1
Warning: Unused module variable ‘mu’ which has been explicitly imported at (1) [-Wunused-variable]
scatcc.f90:3370:40:

 3370 |       complex*16:: smat(nch),delta,scoul,anc,svel
      |                                        1
Warning: Unused variable ‘scoul’ declared at (1) [-Wunused-variable]
scatcc.f90:3368:36:

 3368 |       complex*16:: ci,test,yfac,tmat
      |                                    1
Warning: Unused variable ‘tmat’ declared at (1) [-Wunused-variable]
scatcc.f90:4373:23:

 4373 |       complex*16:: afas,cnorm,acoef
      |                       1
Warning: Unused variable ‘afas’ declared at (1) [-Wunused-variable]
scatcc.f90:4363:44:

 4363 |       real*8:: ccoef,dcoef,gaux(nch,nr),amod,rcoef,eph(nch)
      |                                            1
Warning: Unused variable ‘amod’ declared at (1) [-Wunused-variable]
scatcc.f90:4374:22:

 4374 |       complex*16:: anc
      |                      1
Warning: Unused variable ‘anc’ declared at (1) [-Wunused-variable]
scatcc.f90:4373:29:

 4373 |       complex*16:: afas,cnorm,acoef
      |                             1
Warning: Unused variable ‘cnorm’ declared at (1) [-Wunused-variable]
scatcc.f90:4363:59:

 4363 |       real*8:: ccoef,dcoef,gaux(nch,nr),amod,rcoef,eph(nch)
      |                                                           1
Warning: Unused variable ‘eph’ declared at (1) [-Wunused-variable]
scatcc.f90:4360:37:

 4360 |       real*8 :: fpmax,small,acc8,flux,magn(nr)
      |                                     1
Warning: Unused variable ‘flux’ declared at (1) [-Wunused-variable]
scatcc.f90:4346:9:

 4346 |       use nmrv, only: nr,mu,ech,h,conv,rvec
      |         1
Warning: Unused module variable ‘h’ which has been explicitly imported at (1) [-Wunused-variable]
scatcc.f90:4357:20:

 4357 |       real*8 :: kron,r1,r2,r,whitp,raux,d1,d2,recdet,det
      |                    1
Warning: Unused variable ‘kron’ declared at (1) [-Wunused-variable]
scatcc.f90:4346:9:

 4346 |       use nmrv, only: nr,mu,ech,h,conv,rvec
      |         1
Warning: Unused module variable ‘mu’ which has been explicitly imported at (1) [-Wunused-variable]
scatcc.f90:4359:19:

 4359 |       real*8 :: phr,cph(0:lmax) !!!! changed to lmax check !!!!
      |                   1
Warning: Unused variable ‘phr’ declared at (1) [-Wunused-variable]
scatcc.f90:4350:21:

 4350 |       logical :: sing,show
      |                     1
Warning: Unused variable ‘sing’ declared at (1) [-Wunused-variable]
scatcc.f90:4372:26:

 4372 |       complex*16:: ci,test,cj
      |                          1
Warning: Unused variable ‘test’ declared at (1) [-Wunused-variable]
scatcc.f90:4348:9:

 4348 |       use globals, only: verb,debug
      |         1
Warning: Unused module variable ‘verb’ which has been explicitly imported at (1) [-Wunused-variable]
scatcc.f90:4361:34:

 4361 |       real*8:: yd(nch,nch),yaux(5),y1,y2
      |                                  1
Warning: Unused variable ‘yaux’ declared at (1) [-Wunused-variable]
scatcc.f90:4361:26:

 4361 |       real*8:: yd(nch,nch),yaux(5),y1,y2
      |                          1
Warning: Unused variable ‘yd’ declared at (1) [-Wunused-variable]
scatcc.f90:4801:20:

 4801 |       integer nch,ic,icp,n,i,j
      |                    1
Warning: Unused variable ‘ic’ declared at (1) [-Wunused-variable]
scatcc.f90:4801:24:

 4801 |       integer nch,ic,icp,n,i,j
      |                        1
Warning: Unused variable ‘icp’ declared at (1) [-Wunused-variable]
scatcc.f90:4801:26:

 4801 |       integer nch,ic,icp,n,i,j
      |                          1
Warning: Unused variable ‘n’ declared at (1) [-Wunused-variable]
scatcc.f90:4874:23:

 4874 |       function select(a)
      |                       1
Warning: Unused dummy argument ‘a’ at (1) [-Wunused-dummy-argument]
scatcc.f90:4874:6:

 4874 |       function select(a)
      |      1
Warning: Return value of function ‘select’ at (1) not set [-Wreturn-type]
scatcc.f90:4960:33:

 4960 |       complex*16 :: a(nch,nch),c1,c2
      |                                 1
Warning: Unused variable ‘c1’ declared at (1) [-Wunused-variable]
scatcc.f90:4960:36:

 4960 |       complex*16 :: a(nch,nch),c1,c2
      |                                    1
Warning: Unused variable ‘c2’ declared at (1) [-Wunused-variable]
scatcc.f90:4944:17:

 4944 |       integer:: i,j,k,im,ip,i0,norto,icc
      |                 1
Warning: Unused variable ‘i’ declared at (1) [-Wunused-variable]
scatcc.f90:4943:31:

 4943 |       integer:: ir,irmin,is,isp,ich,inc,l,lmax
      |                               1
Warning: Unused variable ‘isp’ declared at (1) [-Wunused-variable]
scatcc.f90:4944:19:

 4944 |       integer:: i,j,k,im,ip,i0,norto,icc
      |                   1
Warning: Unused variable ‘j’ declared at (1) [-Wunused-variable]
scatcc.f90:4944:21:

 4944 |       integer:: i,j,k,im,ip,i0,norto,icc
      |                     1
Warning: Unused variable ‘k’ declared at (1) [-Wunused-variable]
scatcc.f90:4947:24:

 4947 |       real*8 :: ecm,tkch,eta,z12
      |                        1
Warning: Unused variable ‘tkch’ declared at (1) [-Wunused-variable]
scatcc.f90:4934:9:

 4934 |       use nmrv,only: nr,h,vcoup,conv,ech,debug,rmin,hort,
      |         1
Warning: Unused module variable ‘vcoup’ which has been explicitly imported at (1) [-Wunused-variable]
scatcc.f90:5388:30:

 5388 |       complex*16 :: a(nch,nch)
      |                              1
Warning: Unused variable ‘a’ declared at (1) [-Wunused-variable]
scatcc.f90:5389:22:

 5389 |       complex*16 :: c1,c2,c
      |                      1
Warning: Unused variable ‘c1’ declared at (1) [-Wunused-variable]
scatcc.f90:5389:25:

 5389 |       complex*16 :: c1,c2,c
      |                         1
Warning: Unused variable ‘c2’ declared at (1) [-Wunused-variable]
scatcc.f90:5366:9:

 5366 |       use trace , only: cdccwf
      |         1
Warning: Unused module variable ‘cdccwf’ which has been explicitly imported at (1) [-Wunused-variable]
scatcc.f90:5392:30:

 5392 |       complex*16 :: HDIAG(nch),w0(nch,nch),wm(nch,nch)
      |                              1
Warning: Unused variable ‘hdiag’ declared at (1) [-Wunused-variable]
scatcc.f90:5372:17:

 5372 |       integer:: i,j,k,im,ip,i0,norto,icc
      |                 1
Warning: Unused variable ‘i’ declared at (1) [-Wunused-variable]
scatcc.f90:5371:31:

 5371 |       integer:: ir,irmin,is,isp,ich,inc,l,lmax
      |                               1
Warning: Unused variable ‘isp’ declared at (1) [-Wunused-variable]
scatcc.f90:5372:19:

 5372 |       integer:: i,j,k,im,ip,i0,norto,icc
      |                   1
Warning: Unused variable ‘j’ declared at (1) [-Wunused-variable]
scatcc.f90:5372:21:

 5372 |       integer:: i,j,k,im,ip,i0,norto,icc
      |                     1
Warning: Unused variable ‘k’ declared at (1) [-Wunused-variable]
scatcc.f90:5359:31:

 5359 |      & npt,wf,phase,smat,method,info,einc,icc)
      |                               1
Warning: Unused dummy argument ‘method’ at (1) [-Wunused-dummy-argument]
scatcc.f90:5369:38:

 5369 |       logical:: copen(nch),orto,raynal,info
      |                                      1
Warning: Unused variable ‘raynal’ declared at (1) [-Wunused-variable]
scatcc.f90:5376:24:

 5376 |       real*8 :: ecm,tkch,eta,z12,r12,ena2,ena3
      |                        1
Warning: Unused variable ‘tkch’ declared at (1) [-Wunused-variable]
scatcc.f90:5762:33:

 5762 |       complex*16 :: a(nch,nch),c1,c2
      |                                 1
Warning: Unused variable ‘c1’ declared at (1) [-Wunused-variable]
scatcc.f90:5762:36:

 5762 |       complex*16 :: a(nch,nch),c1,c2
      |                                    1
Warning: Unused variable ‘c2’ declared at (1) [-Wunused-variable]
scatcc.f90:5746:17:

 5746 |       integer:: i,j,k,im,ip,i0,norto,icc
      |                 1
Warning: Unused variable ‘i’ declared at (1) [-Wunused-variable]
scatcc.f90:5745:31:

 5745 |       integer:: ir,irmin,is,isp,ich,inc,l,lmax
      |                               1
Warning: Unused variable ‘isp’ declared at (1) [-Wunused-variable]
scatcc.f90:5746:19:

 5746 |       integer:: i,j,k,im,ip,i0,norto,icc
      |                   1
Warning: Unused variable ‘j’ declared at (1) [-Wunused-variable]
scatcc.f90:5746:21:

 5746 |       integer:: i,j,k,im,ip,i0,norto,icc
      |                     1
Warning: Unused variable ‘k’ declared at (1) [-Wunused-variable]
scatcc.f90:5748:24:

 5748 |       real*8 :: ecm,tkch,eta,z12,einc,kinc
      |                        1
Warning: Unused variable ‘tkch’ declared at (1) [-Wunused-variable]
scatcc.f90:5736:9:

 5736 |       use nmrv,only: nr,h,vcoup,conv,ech,debug,rmin,hort,rvec,rmort
      |         1
Warning: Unused module variable ‘vcoup’ which has been explicitly imported at (1) [-Wunused-variable]
scatcc.f90:5759:49:

 5759 |       complex*16 :: y(nch,nch,npt),w(nch,nch,npt)
      |                                                 1
Warning: Unused variable ‘w’ declared at (1) [-Wunused-variable]
scatcc.f90:5755:44:

 5755 |       complex*16, dimension(nch,nch):: yp,yc,y0,ym
      |                                            1
Warning: Unused variable ‘yc’ declared at (1) [-Wunused-variable]
scatcc.f90:5756:44:

 5756 |       complex*16, dimension(nch,nch):: zp,zc,z0,zm
      |                                            1
Warning: Unused variable ‘zc’ declared at (1) [-Wunused-variable]
scatcc.f90:6122:25:

 6122 |       complex*16 cfx(nch)
      |                         1
Warning: Unused variable ‘cfx’ declared at (1) [-Wunused-variable]
scatcc.f90:6094:61:

 6094 |       subroutine schcc_rmat_MGR(nch,ecm,z12,incvec,ql,conv,dr,
      |                                                             1
Warning: Unused dummy argument ‘dr’ at (1) [-Wunused-dummy-argument]
scatcc.f90:6103:21:

 6103 |       logical :: iftr,twf,info
      |                     1
Warning: Unused variable ‘iftr’ declared at (1) [-Wunused-variable]
scatcc.f90:6095:31:

 6095 |      & r0,nr,wf,phase,smat,info,nlag,ns,einc,icc)
      |                               1
Warning: Unused dummy argument ‘info’ at (1) [-Wunused-dummy-argument]
scatcc.f90:6114:28:

 6114 |       real*8  :: aux,jci,jcf
      |                            1
Warning: Unused variable ‘jcf’ declared at (1) [-Wunused-variable]
scatcc.f90:6114:24:

 6114 |       real*8  :: aux,jci,jcf
      |                        1
Warning: Unused variable ‘jci’ declared at (1) [-Wunused-variable]
scatcc.f90:6105:23:

 6105 |       integer :: ir,nma,nch,inc,nr,nmax,icc,ninc,i,ql(nch)
      |                       1
Warning: Unused variable ‘nma’ declared at (1) [-Wunused-variable]
scatcc.f90:6118:39:

 6118 |       complex*16 :: cfival,caux,phc,ph2
      |                                       1
Warning: Unused variable ‘ph2’ declared at (1) [-Wunused-variable]
scatcc.f90:6095:21:

 6095 |      & r0,nr,wf,phase,smat,info,nlag,ns,einc,icc)
      |                     1
Warning: Unused dummy argument ‘phase’ at (1) [-Wunused-dummy-argument]
scatcc.f90:6095:9:

 6095 |      & r0,nr,wf,phase,smat,info,nlag,ns,einc,icc)
      |         1
Warning: Unused dummy argument ‘r0’ at (1) [-Wunused-dummy-argument]
scatcc.f90:6111:24:

 6111 |       real*8 :: ecm,tkch,z12,conv
      |                        1
Warning: Unused variable ‘tkch’ declared at (1) [-Wunused-variable]
scatcc.f90:6095:15:

 6095 |      & r0,nr,wf,phase,smat,info,nlag,ns,einc,icc)
      |               1
Warning: Dummy argument ‘wf’ at (1) was declared INTENT(OUT) but was not set [-Wunused-dummy-argument]
scatcc.f90:6467:30:

 6467 |       complex*16 :: a(nch,nch)
      |                              1
Warning: Unused variable ‘a’ declared at (1) [-Wunused-variable]
scatcc.f90:6468:22:

 6468 |       complex*16 :: c1,c2,c
      |                      1
Warning: Unused variable ‘c1’ declared at (1) [-Wunused-variable]
scatcc.f90:6468:25:

 6468 |       complex*16 :: c1,c2,c
      |                         1
Warning: Unused variable ‘c2’ declared at (1) [-Wunused-variable]
scatcc.f90:6441:9:

 6441 |       use trace , only: cdccwf
      |         1
Warning: Unused module variable ‘cdccwf’ which has been explicitly imported at (1) [-Wunused-variable]
scatcc.f90:6471:30:

 6471 |       complex*16 :: HDIAG(nch),w0(nch,nch),wm(nch,nch)
      |                              1
Warning: Unused variable ‘hdiag’ declared at (1) [-Wunused-variable]
scatcc.f90:6447:17:

 6447 |       integer:: i,j,k,im,ip,i0,norto,icc
      |                 1
Warning: Unused variable ‘i’ declared at (1) [-Wunused-variable]
scatcc.f90:6446:31:

 6446 |       integer:: ir,irmin,is,isp,ich,inc,l,lmax
      |                               1
Warning: Unused variable ‘isp’ declared at (1) [-Wunused-variable]
scatcc.f90:6447:19:

 6447 |       integer:: i,j,k,im,ip,i0,norto,icc
      |                   1
Warning: Unused variable ‘j’ declared at (1) [-Wunused-variable]
scatcc.f90:6447:21:

 6447 |       integer:: i,j,k,im,ip,i0,norto,icc
      |                     1
Warning: Unused variable ‘k’ declared at (1) [-Wunused-variable]
scatcc.f90:6434:31:

 6434 |      & npt,wf,phase,smat,method,info,einc,icc)
      |                               1
Warning: Unused dummy argument ‘method’ at (1) [-Wunused-dummy-argument]
scatcc.f90:6444:38:

 6444 |       logical:: copen(nch),orto,raynal,info
      |                                      1
Warning: Unused variable ‘raynal’ declared at (1) [-Wunused-variable]
scatcc.f90:6451:24:

 6451 |       real*8 :: ecm,tkch,eta,z12,r12,ena2,ena3
      |                        1
Warning: Unused variable ‘tkch’ declared at (1) [-Wunused-variable]
scatcc.f90:7068:30:

 7068 |       complex*16 :: a(nch,nch)
      |                              1
Warning: Unused variable ‘a’ declared at (1) [-Wunused-variable]
scatcc.f90:7073:22:

 7073 |       complex*32 :: c1,c2,c
      |                      1
Warning: Unused variable ‘c1’ declared at (1) [-Wunused-variable]
scatcc.f90:7073:25:

 7073 |       complex*32 :: c1,c2,c
      |                         1
Warning: Unused variable ‘c2’ declared at (1) [-Wunused-variable]
scatcc.f90:7030:9:

 7030 |       use trace , only: cdccwf
      |         1
Warning: Unused module variable ‘cdccwf’ which has been explicitly imported at (1) [-Wunused-variable]
scatcc.f90:7079:30:

 7079 |       complex*16 :: HDIAG(nch)
      |                              1
Warning: Unused variable ‘hdiag’ declared at (1) [-Wunused-variable]
scatcc.f90:7037:17:

 7037 |       integer:: i,j,k,im,ip,i0,norto,icc
      |                 1
Warning: Unused variable ‘i’ declared at (1) [-Wunused-variable]
scatcc.f90:7036:31:

 7036 |       integer:: ir,irmin,is,isp,ich,inc,l,lmax
      |                               1
Warning: Unused variable ‘isp’ declared at (1) [-Wunused-variable]
scatcc.f90:7037:19:

 7037 |       integer:: i,j,k,im,ip,i0,norto,icc
      |                   1
Warning: Unused variable ‘j’ declared at (1) [-Wunused-variable]
scatcc.f90:7037:21:

 7037 |       integer:: i,j,k,im,ip,i0,norto,icc
      |                     1
Warning: Unused variable ‘k’ declared at (1) [-Wunused-variable]
scatcc.f90:7023:31:

 7023 |      & npt,wf,phase,smat,method,info,einc,icc)
      |                               1
Warning: Unused dummy argument ‘method’ at (1) [-Wunused-dummy-argument]
scatcc.f90:7034:38:

 7034 |       logical:: copen(nch),orto,raynal,info
      |                                      1
Warning: Unused variable ‘raynal’ declared at (1) [-Wunused-variable]
scatcc.f90:7041:24:

 7041 |       real*8 :: ecm,tkch,eta,z12
      |                        1
Warning: Unused variable ‘tkch’ declared at (1) [-Wunused-variable]
scatcc.f90:7061:33:

 7061 |       complex*16 :: w0qr(nch,nch)
      |                                 1
Warning: Unused variable ‘w0qr’ declared at (1) [-Wunused-variable]
scatcc.f90:7060:33:

 7060 |       complex*16 :: y0qr(nch,nch),z0qr(nch,nch),zmqr(nch,nch)
      |                                 1
Warning: Unused variable ‘y0qr’ declared at (1) [-Wunused-variable]
scatcc.f90:7060:47:

 7060 |       complex*16 :: y0qr(nch,nch),z0qr(nch,nch),zmqr(nch,nch)
      |                                               1
Warning: Unused variable ‘z0qr’ declared at (1) [-Wunused-variable]
scatcc.f90:7060:61:

 7060 |       complex*16 :: y0qr(nch,nch),z0qr(nch,nch),zmqr(nch,nch)
      |                                                             1
Warning: Unused variable ‘zmqr’ declared at (1) [-Wunused-variable]
scatcc.f90:11965:33:

11965 |       complex*16 :: a(nch,nch),c1,c2
      |                                 1
Warning: Unused variable ‘c1’ declared at (1) [-Wunused-variable]
scatcc.f90:11965:36:

11965 |       complex*16 :: a(nch,nch),c1,c2
      |                                    1
Warning: Unused variable ‘c2’ declared at (1) [-Wunused-variable]
scatcc.f90:11949:17:

11949 |       integer:: i,j,k,im,ip,i0,norto,icc
      |                 1
Warning: Unused variable ‘i’ declared at (1) [-Wunused-variable]
scatcc.f90:11948:31:

11948 |       integer:: ir,irmin,is,isp,ich,inc,l,lmax
      |                               1
Warning: Unused variable ‘isp’ declared at (1) [-Wunused-variable]
scatcc.f90:11949:19:

11949 |       integer:: i,j,k,im,ip,i0,norto,icc
      |                   1
Warning: Unused variable ‘j’ declared at (1) [-Wunused-variable]
scatcc.f90:11949:21:

11949 |       integer:: i,j,k,im,ip,i0,norto,icc
      |                     1
Warning: Unused variable ‘k’ declared at (1) [-Wunused-variable]
scatcc.f90:11951:24:

11951 |       real*8 :: ecm,tkch,eta,z12,einc,kinc
      |                        1
Warning: Unused variable ‘tkch’ declared at (1) [-Wunused-variable]
scatcc.f90:11962:49:

11962 |       complex*16 :: y(nch,nch,npt),w(nch,nch,npt)
      |                                                 1
Warning: Unused variable ‘w’ declared at (1) [-Wunused-variable]
scatcc.f90:11958:44:

11958 |       complex*16, dimension(nch,nch):: yp,yc,y0,ym
      |                                            1
Warning: Unused variable ‘yc’ declared at (1) [-Wunused-variable]
scatcc.f90:11959:44:

11959 |       complex*16, dimension(nch,nch):: zp,zc,z0,zm
      |                                            1
Warning: Unused variable ‘zc’ declared at (1) [-Wunused-variable]
scatcc.f90:1617:72:

 1617 |       a(ich,ich)=1.-(h2/12.)*(l*(l+1)/r**2 - kch2(ich))
      |                                                                        ^
Warning: ‘l’ may be used uninitialized [-Wmaybe-uninitialized]
scatcc.f90:1596:24:

 1596 |       integer   :: ich,l,ir,n,is
      |                        ^
note: ‘l’ was declared here
