**************************************************
 ***        THOx+DCE+CC code: version 2.6        ***
**************************************************

 ***************** CONSTANTS **********************
 * hbarc=197.32706 MeV.fm     e^2= 1.43997 MeV.fm *
 * so, alpha= 1/137.03599       amu=931.4943 MeV  *
 **************************************************
   A real*8 is            8  bytes
   A complex*16 is           16  bytes
 Pre-reading input to set dimensions
 
  Dimensions for memory allocation
    o J/pi sets:           2  merged into           2
    o Maximum internal l:           0
 
  Pre-read finished
 - COMPOSITE:
     Core:    Ac=  1.0078  Zc=  1.00
     Valence: Av=  1.0087  Zv=  0.00

 - Reduced mass:  469.589 MeV/c2
 - CORE states:
     # 1: J/pi= 0.0+   Ex= 0.00 MeV

  RADIAL GRID FOR INTERNAL WFS:
 - Using uniform grid with 1201 points:  [ Rmin= 0.000   Rmax=  60.0  Step= 0.050 fm ]

   ------------- Potential component: 1-------------

 o Undeformed valence-core potential: 
   COULOMB     : uniform charged sphere with Rc= 0.001 fm
   NUCLEAR part: type=3 => Gaussian
       o  Gaussian      V0(l=0-3)=( -72.150 -38.150 -72.150   0.000) MeV, R0= 0.000 fm, ar= 1.484 fm 
 --------------------------------------------------
   
  PAULI forbidden sp states:
 => No states will be removed
  


 ******************************************
      BASIS SET:  1 WITH TOTAL J/pi= 0.0+
 ******************************************
          
 SINGLE-PARTICLE configurations:
   [ l val-core truncated at lmin,lmax= 0  0]
       S.p. configuration # 1 ( 0 0.0) 0.0
    
   
    CORE+VALENCE channels:
     Channel # 1 : Ic= 0.0 ( 0 0.0) 0.0 Ex= 0.000 MeV with sp config #1 and core #1
   
  ** RADIAL BASIS **
 - THO basis with m= 4  b= 1.60  fm, gamma= 1.500 and N= 30 states
  [bas2=0 => Use Hsp eigenstates to diagonalize       full H]


     SINGLE-PARTICLE eigenstates:

  o S.p. configuration # 1 =>s0.0


 o Building full Hamiltonian matrix ( 30x 30):.  


     *** EIGENVALUES of full Hamiltonian *** 
     #  1   -2.2175  [  1.00000]    rms=  3.8615

     [  1 out of  30 eigenvalues retained ]


 ******************************************
      BASIS SET:  2 WITH TOTAL J/pi= 0.0+
 ******************************************
          
 SINGLE-PARTICLE configurations:
   [ l val-core truncated at lmin,lmax= 0  0]
       S.p. configuration # 1 ( 0 0.0) 0.0
    
   
    CORE+VALENCE channels:
     Channel # 1 : Ic= 0.0 ( 0 0.0) 0.0 Ex= 0.000 MeV with sp config #1 and core #1
   
  ** BIN wfs ** 
     Bin #  1:  Emid=   0.307  Erel=[  0.1000 -  0.5145] MeV; 1 chan(s) (Inc=  1)   Norm=  0.7744   Rms= 30.4167
     Bin #  2:  Emid=   0.883  Erel=[  0.5145 -  1.2508] MeV; 1 chan(s) (Inc=  1)   Norm=  0.8084   Rms= 31.3471
     Bin #  3:  Emid=   1.780  Erel=[  1.2508 -  2.3088] MeV; 1 chan(s) (Inc=  1)   Norm=  0.8251   Rms= 31.4402
     Bin #  4:  Emid=   2.999  Erel=[  2.3088 -  3.6885] MeV; 1 chan(s) (Inc=  1)   Norm=  0.8312   Rms= 31.1758
     Bin #  5:  Emid=   4.539  Erel=[  3.6885 -  5.3900] MeV; 1 chan(s) (Inc=  1)   Norm=  0.8292   Rms= 30.6624
     Bin #  6:  Emid=   6.402  Erel=[  5.3900 -  7.4132] MeV; 1 chan(s) (Inc=  1)   Norm=  0.8239   Rms= 30.0856
     Bin #  7:  Emid=   8.586  Erel=[  7.4132 -  9.7581] MeV; 1 chan(s) (Inc=  1)   Norm=  0.8207   Rms= 29.6974
     Bin #  8:  Emid=  11.091  Erel=[  9.7581 - 12.4248] MeV; 1 chan(s) (Inc=  1)   Norm=  0.8226   Rms= 29.6363
     Bin #  9:  Emid=  13.919  Erel=[ 12.4248 - 15.4132] MeV; 1 chan(s) (Inc=  1)   Norm=  0.8280   Rms= 29.7957
     Bin # 10:  Emid=  17.068  Erel=[ 15.4132 - 18.7233] MeV; 1 chan(s) (Inc=  1)   Norm=  0.8326   Rms= 29.9245
     Bin # 11:  Emid=  20.539  Erel=[ 18.7233 - 22.3552] MeV; 1 chan(s) (Inc=  1)   Norm=  0.8333   Rms= 29.8510
     Bin # 12:  Emid=  24.332  Erel=[ 22.3552 - 26.3088] MeV; 1 chan(s) (Inc=  1)   Norm=  0.8306   Rms= 29.6104
     Bin # 13:  Emid=  28.446  Erel=[ 26.3088 - 30.5841] MeV; 1 chan(s) (Inc=  1)   Norm=  0.8281   Rms= 29.3931
     Bin # 14:  Emid=  32.883  Erel=[ 30.5841 - 35.1812] MeV; 1 chan(s) (Inc=  1)   Norm=  0.8287   Rms= 29.3571
     Bin # 15:  Emid=  37.641  Erel=[ 35.1812 - 40.1000] MeV; 1 chan(s) (Inc=  1)   Norm=  0.8318   Rms= 29.4702


     ******  PROJECTILE SCATTERING STATES ******
     # Continuum WFS for Jp=0.0+ ; Channels= 1 ;  Inc. chan.= 1 Uniform Ecm=F

  Namelist bmlambda not present


     ******  REACTION CALCULATION ******

     Projectile: Mass=   2.014 amu   Z=   1.0
     Target:     Mass=  58.000 amu   Z=  28.0

     Nb. of target states:  1
     o state #  1   J/pi=0.0+    Ex= 0.000
     [using transition subroutine for spin-zero target]

     *********** COUPLING POTENTIALS  *********** 
  [ coups=0=> All transitions will be considered]
  [ ncoul=0 => C+N couplings ]

  ** CORE-TARGET potential:

  o Central potential - type=1 => Woods-Saxon
   [V0= -44.70 MeV, Rr= 4.61 fm, ar= 0.66 fm,  W0=  -3.95 MeV, Ri= 4.61 fm, ai= 0.66 fm,  Rc= 3.87 fm ]
     [adding monopole Coulomb with Rc= 3.871]

  o Central potential - type=2 => Woods-Saxon derivative
   [V0=   0.00 MeV, Rr= 0.00 fm, ar= 0.00 fm,  W0=  -5.32 MeV, Ri= 4.96 fm, ai= 0.55 fm,  Rc= 0.00 fm ]

  ** VALENCE-TARGET potential:

  o Central potential - type=1 => Woods-Saxon
   [V0= -39.50 MeV, Rr= 4.61 fm, ar= 0.66 fm,  W0=  -3.95 MeV, Ri= 4.61 fm, ai= 0.66 fm,  Rc= 3.87 fm ]

  o Central potential - type=2 => Woods-Saxon derivative
   [V0=   0.00 MeV, Rr= 0.00 fm, ar= 0.00 fm,  W0=  -4.90 MeV, Ri= 4.95 fm, ai= 0.54 fm,  Rc= 0.00 fm ]


  ***  PROJECTILE WAVEFUNCTIONS *** 

    Set  1  Jpi= 0.0+ =>  1 state(s)
        #  1  Ex= -2.2175

    Set  2  Jpi= 0.0+ => 15 state(s)
        #  1  Ex=  0.3073
        #  2  Ex=  0.8827
        #  3  Ex=  1.7798
        #  4  Ex=  2.9987
        #  5  Ex=  4.5393
        #  6  Ex=  6.4016
        #  7  Ex=  8.5857
        #  8  Ex= 11.0915
        #  9  Ex= 13.9190
        # 10  Ex= 17.0683
        # 11  Ex= 20.5393
        # 12  Ex= 24.3320
        # 13  Ex= 28.4465
        # 14  Ex= 32.8827
        # 15  Ex= 37.6406

     => 16 state(s) in  2 set(s)

  o Quantum numbers limits:
     - Core multipoles: 0-0
     - K: 0- 0
     - Proj.-target multipoles: 0-0

  ** FORMFACTORS **
      [ formfactors need    2.0 Mbytes ]

  o V^{K,Q}(r,R)     [  0.19 secs ]

     [Radial grid: Rmin= 0.200 fm, Rmax= 100.0 fm, Step= 0.200 fm]

     0.0+ ->  0.0+  with LAM= 0  NK=  1  non-zero P(K)  (  0.00 secs )
     0.0+ ->  0.0+  with LAM= 0  NK=  1  non-zero P(K)  (  0.01 secs )
     0.0+ ->  0.0+  with LAM= 0  NK=  1  non-zero P(K)  (  0.10 secs )

     -> [    241 formfactors generated in     0.3 secs ]

  Output files:
  ff.fr:  COUL+NUC couplings for Fresco



     ******  CC SOLUTIONS ******
     J interval [min,max]=   0.0  50.0
     -Method of solution: Modified ENA (fresco)                                       
     -Radial grid: Step 0.050 fm and matching at  100.00 fm
     [TELP mode: first pass -> accumulate CC wfs]

   => there are   16 states
    [Gs is state # 1 and has spin/parity=0.0+ ]


        => Number of CC sets=   102
        => Max number of chans =   16
        => Max L=     0
        => Max Jp =    0.0
        => Max Jlp =    0.0
        => Max Jt =    0.0
        => Max JTOT =    50.0


   ** INTERPOLATE FORMFACTORS **

     =>  Interpolating F(R) in grid with       2001 points:  [ Rmin= 0.05   Rmax= 100.0  Step= 0.050 fm ]


     *********************************** CC SET     1 J/pi=  0.0+  ***********************************
 === Numerov will calculate S-matrix ===
          For incoming chan. 1 => unitarity=  0.03739027
 nr=        2001 sz=        2001
     o X-sections: Reac=   4.248      Inel+BU=   0.048      Abs=   4.200 mb

     *********************************** CC SET     2 J/pi=  0.0-  ***********************************
   [no channels for this J/pi]

     *********************************** CC SET     3 J/pi=  1.0+  ***********************************
   [no channels for this J/pi]

     *********************************** CC SET     4 J/pi=  1.0-  ***********************************
 === Numerov will calculate S-matrix ===
          For incoming chan. 1 => unitarity=  0.03732065
 nr=        2001 sz=        2001
     o X-sections: Reac=  12.745      Inel+BU=   0.144      Abs=  12.601 mb

     *********************************** CC SET     5 J/pi=  2.0+  ***********************************
 === Numerov will calculate S-matrix ===
          For incoming chan. 1 => unitarity=  0.03717032
 nr=        2001 sz=        2001
     o X-sections: Reac=  21.250      Inel+BU=   0.244      Abs=  21.005 mb

     *********************************** CC SET     6 J/pi=  2.0-  ***********************************
   [no channels for this J/pi]

     *********************************** CC SET     7 J/pi=  3.0+  ***********************************
   [no channels for this J/pi]

     *********************************** CC SET     8 J/pi=  3.0-  ***********************************
 === Numerov will calculate S-matrix ===
          For incoming chan. 1 => unitarity=  0.03699935
 nr=        2001 sz=        2001
     o X-sections: Reac=  29.767      Inel+BU=   0.354      Abs=  29.413 mb

     *********************************** CC SET     9 J/pi=  4.0+  ***********************************
 === Numerov will calculate S-matrix ===
          For incoming chan. 1 => unitarity=  0.03668796
 nr=        2001 sz=        2001
     o X-sections: Reac=  38.306      Inel+BU=   0.478      Abs=  37.829 mb

     *********************************** CC SET    10 J/pi=  4.0-  ***********************************
   [no channels for this J/pi]

     *********************************** CC SET    11 J/pi=  5.0+  ***********************************
   [no channels for this J/pi]

     *********************************** CC SET    12 J/pi=  5.0-  ***********************************
 === Numerov will calculate S-matrix ===
          For incoming chan. 1 => unitarity=  0.03647354
 nr=        2001 sz=        2001
     o X-sections: Reac=  46.876      Inel+BU=   0.631      Abs=  46.245 mb

     *********************************** CC SET    13 J/pi=  6.0+  ***********************************
 === Numerov will calculate S-matrix ===
          For incoming chan. 1 => unitarity=  0.03593659
 nr=        2001 sz=        2001
     o X-sections: Reac=  55.498      Inel+BU=   0.814      Abs=  54.684 mb

     *********************************** CC SET    14 J/pi=  6.0-  ***********************************
   [no channels for this J/pi]

     *********************************** CC SET    15 J/pi=  7.0+  ***********************************
   [no channels for this J/pi]

     *********************************** CC SET    16 J/pi=  7.0-  ***********************************
 === Numerov will calculate S-matrix ===
          For incoming chan. 1 => unitarity=  0.03568684
 nr=        2001 sz=        2001
     o X-sections: Reac=  64.171      Inel+BU=   1.058      Abs=  63.113 mb

     *********************************** CC SET    17 J/pi=  8.0+  ***********************************
 === Numerov will calculate S-matrix ===
          For incoming chan. 1 => unitarity=  0.03496488
 nr=        2001 sz=        2001
     o X-sections: Reac=  72.918      Inel+BU=   1.335      Abs=  71.582 mb

     *********************************** CC SET    18 J/pi=  8.0-  ***********************************
   [no channels for this J/pi]

     *********************************** CC SET    19 J/pi=  9.0+  ***********************************
   [no channels for this J/pi]

     *********************************** CC SET    20 J/pi=  9.0-  ***********************************
 === Numerov will calculate S-matrix ===
          For incoming chan. 1 => unitarity=  0.03442317
 nr=        2001 sz=        2001
     o X-sections: Reac=  81.694      Inel+BU=   1.645      Abs=  80.048 mb

     *********************************** CC SET    21 J/pi= 10.0+  ***********************************
 === Numerov will calculate S-matrix ===
          For incoming chan. 1 => unitarity=  0.03494689
 nr=        2001 sz=        2001
     o X-sections: Reac=  90.388      Inel+BU=   1.962      Abs=  88.427 mb

     *********************************** CC SET    22 J/pi= 10.0-  ***********************************
   [no channels for this J/pi]

     *********************************** CC SET    23 J/pi= 11.0+  ***********************************
   [no channels for this J/pi]

     *********************************** CC SET    24 J/pi= 11.0-  ***********************************
 === Numerov will calculate S-matrix ===
          For incoming chan. 1 => unitarity=  0.03386159
 nr=        2001 sz=        2001
     o X-sections: Reac=  98.942      Inel+BU=   1.985      Abs=  96.957 mb

     *********************************** CC SET    25 J/pi= 12.0+  ***********************************
 === Numerov will calculate S-matrix ===
          For incoming chan. 1 => unitarity=  0.03726611
 nr=        2001 sz=        2001
     o X-sections: Reac= 106.792      Inel+BU=   1.775      Abs= 105.017 mb

     *********************************** CC SET    26 J/pi= 12.0-  ***********************************
   [no channels for this J/pi]

     *********************************** CC SET    27 J/pi= 13.0+  ***********************************
   [no channels for this J/pi]

     *********************************** CC SET    28 J/pi= 13.0-  ***********************************
 === Numerov will calculate S-matrix ===
          For incoming chan. 1 => unitarity=  0.04419501
 nr=        2001 sz=        2001
     o X-sections: Reac= 114.218      Inel+BU=   1.616      Abs= 112.602 mb

     *********************************** CC SET    29 J/pi= 14.0+  ***********************************
 === Numerov will calculate S-matrix ===
          For incoming chan. 1 => unitarity=  0.04697748
 nr=        2001 sz=        2001
     o X-sections: Reac= 122.697      Inel+BU=   2.107      Abs= 120.591 mb

     *********************************** CC SET    30 J/pi= 14.0-  ***********************************
   [no channels for this J/pi]

     *********************************** CC SET    31 J/pi= 15.0+  ***********************************
   [no channels for this J/pi]

     *********************************** CC SET    32 J/pi= 15.0-  ***********************************
 === Numerov will calculate S-matrix ===
          For incoming chan. 1 => unitarity=  0.09258821
 nr=        2001 sz=        2001
     o X-sections: Reac= 127.582      Inel+BU=   4.844      Abs= 122.738 mb

     *********************************** CC SET    33 J/pi= 16.0+  ***********************************
 === Numerov will calculate S-matrix ===
          For incoming chan. 1 => unitarity=  0.22785650
 nr=        2001 sz=        2001
     o X-sections: Reac= 120.321      Inel+BU=   9.142      Abs= 111.179 mb

     *********************************** CC SET    34 J/pi= 16.0-  ***********************************
   [no channels for this J/pi]

     *********************************** CC SET    35 J/pi= 17.0+  ***********************************
   [no channels for this J/pi]

     *********************************** CC SET    36 J/pi= 17.0-  ***********************************
 === Numerov will calculate S-matrix ===
          For incoming chan. 1 => unitarity=  0.41448717
 nr=        2001 sz=        2001
     o X-sections: Reac= 101.384      Inel+BU=  11.967      Abs=  89.416 mb

     *********************************** CC SET    37 J/pi= 18.0+  ***********************************
 === Numerov will calculate S-matrix ===
          For incoming chan. 1 => unitarity=  0.58974629
 nr=        2001 sz=        2001
     o X-sections: Reac=  78.314      Inel+BU=  12.082      Abs=  66.232 mb

     *********************************** CC SET    38 J/pi= 18.0-  ***********************************
   [no channels for this J/pi]

     *********************************** CC SET    39 J/pi= 19.0+  ***********************************
   [no channels for this J/pi]

     *********************************** CC SET    40 J/pi= 19.0-  ***********************************
 === Numerov will calculate S-matrix ===
          For incoming chan. 1 => unitarity=  0.72513671
 nr=        2001 sz=        2001
     o X-sections: Reac=  57.131      Inel+BU=  10.358      Abs=  46.773 mb

     *********************************** CC SET    41 J/pi= 20.0+  ***********************************
 === Numerov will calculate S-matrix ===
          For incoming chan. 1 => unitarity=  0.82006655
 nr=        2001 sz=        2001
     o X-sections: Reac=  40.206      Inel+BU=   8.017      Abs=  32.189 mb

     *********************************** CC SET    42 J/pi= 20.0-  ***********************************
   [no channels for this J/pi]

     *********************************** CC SET    43 J/pi= 21.0+  ***********************************
   [no channels for this J/pi]

     *********************************** CC SET    44 J/pi= 21.0-  ***********************************
 === Numerov will calculate S-matrix ===
          For incoming chan. 1 => unitarity=  0.88351981
 nr=        2001 sz=        2001
     o X-sections: Reac=  27.667      Inel+BU=   5.813      Abs=  21.854 mb

     *********************************** CC SET    45 J/pi= 22.0+  ***********************************
 === Numerov will calculate S-matrix ===
          For incoming chan. 1 => unitarity=  0.92495073
 nr=        2001 sz=        2001
     o X-sections: Reac=  18.774      Inel+BU=   4.039      Abs=  14.736 mb

     *********************************** CC SET    46 J/pi= 22.0-  ***********************************
   [no channels for this J/pi]

     *********************************** CC SET    47 J/pi= 23.0+  ***********************************
   [no channels for this J/pi]

     *********************************** CC SET    48 J/pi= 23.0-  ***********************************
 === Numerov will calculate S-matrix ===
          For incoming chan. 1 => unitarity=  0.95170287
 nr=        2001 sz=        2001
     o X-sections: Reac=  12.633      Inel+BU=   2.729      Abs=   9.904 mb

     *********************************** CC SET    49 J/pi= 24.0+  ***********************************
 === Numerov will calculate S-matrix ===
          For incoming chan. 1 => unitarity=  0.96889492
 nr=        2001 sz=        2001
     o X-sections: Reac=   8.460      Inel+BU=   1.810      Abs=   6.650 mb

     *********************************** CC SET    50 J/pi= 24.0-  ***********************************
   [no channels for this J/pi]

     *********************************** CC SET    51 J/pi= 25.0+  ***********************************
   [no channels for this J/pi]

     *********************************** CC SET    52 J/pi= 25.0-  ***********************************
 === Numerov will calculate S-matrix ===
          For incoming chan. 1 => unitarity=  0.97992889
 nr=        2001 sz=        2001
     o X-sections: Reac=   5.653      Inel+BU=   1.186      Abs=   4.466 mb

     *********************************** CC SET    53 J/pi= 26.0+  ***********************************
 === Numerov will calculate S-matrix ===
          For incoming chan. 1 => unitarity=  0.98701533
 nr=        2001 sz=        2001
     o X-sections: Reac=   3.774      Inel+BU=   0.772      Abs=   3.003 mb

     *********************************** CC SET    54 J/pi= 26.0-  ***********************************
   [no channels for this J/pi]

     *********************************** CC SET    55 J/pi= 27.0+  ***********************************
   [no channels for this J/pi]

     *********************************** CC SET    56 J/pi= 27.0-  ***********************************
 === Numerov will calculate S-matrix ===
          For incoming chan. 1 => unitarity=  0.99157491
 nr=        2001 sz=        2001
     o X-sections: Reac=   2.521      Inel+BU=   0.500      Abs=   2.022 mb

     *********************************** CC SET    57 J/pi= 28.0+  ***********************************
 === Numerov will calculate S-matrix ===
          For incoming chan. 1 => unitarity=  0.99451610
 nr=        2001 sz=        2001
     o X-sections: Reac=   1.687      Inel+BU=   0.323      Abs=   1.364 mb

     *********************************** CC SET    58 J/pi= 28.0-  ***********************************
   [no channels for this J/pi]

     *********************************** CC SET    59 J/pi= 29.0+  ***********************************
   [no channels for this J/pi]

     *********************************** CC SET    60 J/pi= 29.0-  ***********************************
 === Numerov will calculate S-matrix ===
          For incoming chan. 1 => unitarity=  0.99641892
 nr=        2001 sz=        2001
     o X-sections: Reac=   1.130      Inel+BU=   0.208      Abs=   0.922 mb

     *********************************** CC SET    61 J/pi= 30.0+  ***********************************
 === Numerov will calculate S-matrix ===
          For incoming chan. 1 => unitarity=  0.99765387
 nr=        2001 sz=        2001
     o X-sections: Reac=   0.759      Inel+BU=   0.134      Abs=   0.624 mb

     *********************************** CC SET    62 J/pi= 30.0-  ***********************************
   [no channels for this J/pi]

     *********************************** CC SET    63 J/pi= 31.0+  ***********************************
   [no channels for this J/pi]

     *********************************** CC SET    64 J/pi= 31.0-  ***********************************
 === Numerov will calculate S-matrix ===
          For incoming chan. 1 => unitarity=  0.99845799
 nr=        2001 sz=        2001
     o X-sections: Reac=   0.510      Inel+BU=   0.087      Abs=   0.424 mb

     *********************************** CC SET    65 J/pi= 32.0+  ***********************************
 === Numerov will calculate S-matrix ===
          For incoming chan. 1 => unitarity=  0.99898331
 nr=        2001 sz=        2001
     o X-sections: Reac=   0.344      Inel+BU=   0.056      Abs=   0.288 mb

     *********************************** CC SET    66 J/pi= 32.0-  ***********************************
   [no channels for this J/pi]

     *********************************** CC SET    67 J/pi= 33.0+  ***********************************
   [no channels for this J/pi]

     *********************************** CC SET    68 J/pi= 33.0-  ***********************************
 === Numerov will calculate S-matrix ===
          For incoming chan. 1 => unitarity=  0.99932764
 nr=        2001 sz=        2001
     o X-sections: Reac=   0.233      Inel+BU=   0.036      Abs=   0.197 mb

     *********************************** CC SET    69 J/pi= 34.0+  ***********************************
 === Numerov will calculate S-matrix ===
          For incoming chan. 1 => unitarity=  0.99955407
 nr=        2001 sz=        2001
     o X-sections: Reac=   0.158      Inel+BU=   0.023      Abs=   0.134 mb

     *********************************** CC SET    70 J/pi= 34.0-  ***********************************
   [no channels for this J/pi]

     *********************************** CC SET    71 J/pi= 35.0+  ***********************************
   [no channels for this J/pi]

     *********************************** CC SET    72 J/pi= 35.0-  ***********************************
 === Numerov will calculate S-matrix ===
          For incoming chan. 1 => unitarity=  0.99970345
 nr=        2001 sz=        2001
     o X-sections: Reac=   0.107      Inel+BU=   0.015      Abs=   0.092 mb

     *********************************** CC SET    73 J/pi= 36.0+  ***********************************
 === Numerov will calculate S-matrix ===
          For incoming chan. 1 => unitarity=  0.99980228
 nr=        2001 sz=        2001
     o X-sections: Reac=   0.073      Inel+BU=   0.010      Abs=   0.063 mb

     *********************************** CC SET    74 J/pi= 36.0-  ***********************************
   [no channels for this J/pi]

     *********************************** CC SET    75 J/pi= 37.0+  ***********************************
   [no channels for this J/pi]

     *********************************** CC SET    76 J/pi= 37.0-  ***********************************
 === Numerov will calculate S-matrix ===
          For incoming chan. 1 => unitarity=  0.99986785
 nr=        2001 sz=        2001
     o X-sections: Reac=   0.050      Inel+BU=   0.006      Abs=   0.043 mb

     *********************************** CC SET    77 J/pi= 38.0+  ***********************************
 === Numerov will calculate S-matrix ===
          For incoming chan. 1 => unitarity=  0.99991147
 nr=        2001 sz=        2001
     o X-sections: Reac=   0.034      Inel+BU=   0.004      Abs=   0.030 mb

     *********************************** CC SET    78 J/pi= 38.0-  ***********************************
   [no channels for this J/pi]

     *********************************** CC SET    79 J/pi= 39.0+  ***********************************
   [no channels for this J/pi]

     *********************************** CC SET    80 J/pi= 39.0-  ***********************************
 === Numerov will calculate S-matrix ===
          For incoming chan. 1 => unitarity=  0.99994055
 nr=        2001 sz=        2001
     o X-sections: Reac=   0.023      Inel+BU=   0.003      Abs=   0.020 mb

     *********************************** CC SET    81 J/pi= 40.0+  ***********************************
 === Numerov will calculate S-matrix ===
          For incoming chan. 1 => unitarity=  0.99995999
 nr=        2001 sz=        2001
     o X-sections: Reac=   0.016      Inel+BU=   0.002      Abs=   0.014 mb

     *********************************** CC SET    82 J/pi= 40.0-  ***********************************
   [no channels for this J/pi]

     *********************************** CC SET    83 J/pi= 41.0+  ***********************************
   [no channels for this J/pi]

     *********************************** CC SET    84 J/pi= 41.0-  ***********************************
 === Numerov will calculate S-matrix ===
          For incoming chan. 1 => unitarity=  0.99997302
 nr=        2001 sz=        2001
     o X-sections: Reac=   0.011      Inel+BU=   0.001      Abs=   0.010 mb

     *********************************** CC SET    85 J/pi= 42.0+  ***********************************
 === Numerov will calculate S-matrix ===
          For incoming chan. 1 => unitarity=  0.99998177
 nr=        2001 sz=        2001
     o X-sections: Reac=   0.008      Inel+BU=   0.001      Abs=   0.007 mb

     *********************************** CC SET    86 J/pi= 42.0-  ***********************************
   [no channels for this J/pi]

     *********************************** CC SET    87 J/pi= 43.0+  ***********************************
   [no channels for this J/pi]

     *********************************** CC SET    88 J/pi= 43.0-  ***********************************
 === Numerov will calculate S-matrix ===
          For incoming chan. 1 => unitarity=  0.99998767
 nr=        2001 sz=        2001
     o X-sections: Reac=   0.005      Inel+BU=   0.000      Abs=   0.005 mb

     *********************************** CC SET    89 J/pi= 44.0+  ***********************************
 === Numerov will calculate S-matrix ===
          For incoming chan. 1 => unitarity=  0.99999164
 nr=        2001 sz=        2001
     o X-sections: Reac=   0.004      Inel+BU=   0.000      Abs=   0.003 mb

     *********************************** CC SET    90 J/pi= 44.0-  ***********************************
   [no channels for this J/pi]

     *********************************** CC SET    91 J/pi= 45.0+  ***********************************
   [no channels for this J/pi]

     *********************************** CC SET    92 J/pi= 45.0-  ***********************************
 === Numerov will calculate S-matrix ===
          For incoming chan. 1 => unitarity=  0.99999433
 nr=        2001 sz=        2001
     o X-sections: Reac=   0.002      Inel+BU=   0.000      Abs=   0.002 mb

     *********************************** CC SET    93 J/pi= 46.0+  ***********************************
 === Numerov will calculate S-matrix ===
          For incoming chan. 1 => unitarity=  0.99999614
 nr=        2001 sz=        2001
     o X-sections: Reac=   0.002      Inel+BU=   0.000      Abs=   0.002 mb

     *********************************** CC SET    94 J/pi= 46.0-  ***********************************
   [no channels for this J/pi]

     *********************************** CC SET    95 J/pi= 47.0+  ***********************************
   [no channels for this J/pi]

     *********************************** CC SET    96 J/pi= 47.0-  ***********************************
 === Numerov will calculate S-matrix ===
          For incoming chan. 1 => unitarity=  0.99999737
 nr=        2001 sz=        2001
     o X-sections: Reac=   0.001      Inel+BU=   0.000      Abs=   0.001 mb

     *********************************** CC SET    97 J/pi= 48.0+  ***********************************
 === Numerov will calculate S-matrix ===
          For incoming chan. 1 => unitarity=  0.99999820
 nr=        2001 sz=        2001
     o X-sections: Reac=   0.001      Inel+BU=   0.000      Abs=   0.001 mb

     *********************************** CC SET    98 J/pi= 48.0-  ***********************************
   [no channels for this J/pi]

     *********************************** CC SET    99 J/pi= 49.0+  ***********************************
   [no channels for this J/pi]

     *********************************** CC SET   100 J/pi= 49.0-  ***********************************
 === Numerov will calculate S-matrix ===
          For incoming chan. 1 => unitarity=  0.99999877
 nr=        2001 sz=        2001
     o X-sections: Reac=   0.001      Inel+BU=   0.000      Abs=   0.001 mb

     *********************************** CC SET   101 J/pi= 50.0+  ***********************************
 === Numerov will calculate S-matrix ===
          For incoming chan. 1 => unitarity=  0.99999915
 nr=        2001 sz=        2001
     o X-sections: Reac=   0.000      Inel+BU=   0.000      Abs=   0.000 mb

     *********************************** CC SET   102 J/pi= 50.0-  ***********************************
   [no channels for this J/pi]
     [TELP: constructing U_TELP(R) ...]
     [TELP: potential written to telp_pot.dat]
 icc         102
 lpmax,jpmax,istatemax=          50   0.0000000000000000               16

                    ** All CC sets done in        1.19secs ** 

     *** SCATTERING AMPLITUDES AND X-SECTIONS ***

   Elab=  80.00     Ecm=  77.315     Kcm= 2.683    Eta param. = 0.6997

   o Jtmin= 0.0   Jtmax= 50.0

      J/pi=  0.0+    xs(inel)=   0.477E-01 mb reac=   0.425E+01
      J/pi=  0.0-    xs(inel)=   0.000E+00 mb reac=   0.000E+00
      J/pi=  1.0+    xs(inel)=   0.000E+00 mb reac=   0.000E+00
      J/pi=  1.0-    xs(inel)=   0.144E+00 mb reac=   0.127E+02
      J/pi=  2.0+    xs(inel)=   0.244E+00 mb reac=   0.212E+02
      J/pi=  2.0-    xs(inel)=   0.000E+00 mb reac=   0.000E+00
      J/pi=  3.0+    xs(inel)=   0.000E+00 mb reac=   0.000E+00
      J/pi=  3.0-    xs(inel)=   0.354E+00 mb reac=   0.298E+02
      J/pi=  4.0+    xs(inel)=   0.478E+00 mb reac=   0.383E+02
      J/pi=  4.0-    xs(inel)=   0.000E+00 mb reac=   0.000E+00
      J/pi=  5.0+    xs(inel)=   0.000E+00 mb reac=   0.000E+00
      J/pi=  5.0-    xs(inel)=   0.631E+00 mb reac=   0.469E+02
      J/pi=  6.0+    xs(inel)=   0.814E+00 mb reac=   0.555E+02
      J/pi=  6.0-    xs(inel)=   0.000E+00 mb reac=   0.000E+00
      J/pi=  7.0+    xs(inel)=   0.000E+00 mb reac=   0.000E+00
      J/pi=  7.0-    xs(inel)=   0.106E+01 mb reac=   0.642E+02
      J/pi=  8.0+    xs(inel)=   0.134E+01 mb reac=   0.729E+02
      J/pi=  8.0-    xs(inel)=   0.000E+00 mb reac=   0.000E+00
      J/pi=  9.0+    xs(inel)=   0.000E+00 mb reac=   0.000E+00
      J/pi=  9.0-    xs(inel)=   0.165E+01 mb reac=   0.817E+02
      J/pi= 10.0+    xs(inel)=   0.196E+01 mb reac=   0.904E+02
      J/pi= 10.0-    xs(inel)=   0.000E+00 mb reac=   0.000E+00
      J/pi= 11.0+    xs(inel)=   0.000E+00 mb reac=   0.000E+00
      J/pi= 11.0-    xs(inel)=   0.198E+01 mb reac=   0.989E+02
      J/pi= 12.0+    xs(inel)=   0.177E+01 mb reac=   0.107E+03
      J/pi= 12.0-    xs(inel)=   0.000E+00 mb reac=   0.000E+00
      J/pi= 13.0+    xs(inel)=   0.000E+00 mb reac=   0.000E+00
      J/pi= 13.0-    xs(inel)=   0.162E+01 mb reac=   0.114E+03
      J/pi= 14.0+    xs(inel)=   0.211E+01 mb reac=   0.123E+03
      J/pi= 14.0-    xs(inel)=   0.000E+00 mb reac=   0.000E+00
      J/pi= 15.0+    xs(inel)=   0.000E+00 mb reac=   0.000E+00
      J/pi= 15.0-    xs(inel)=   0.484E+01 mb reac=   0.128E+03
      J/pi= 16.0+    xs(inel)=   0.914E+01 mb reac=   0.120E+03
      J/pi= 16.0-    xs(inel)=   0.000E+00 mb reac=   0.000E+00
      J/pi= 17.0+    xs(inel)=   0.000E+00 mb reac=   0.000E+00
      J/pi= 17.0-    xs(inel)=   0.120E+02 mb reac=   0.101E+03
      J/pi= 18.0+    xs(inel)=   0.121E+02 mb reac=   0.783E+02
      J/pi= 18.0-    xs(inel)=   0.000E+00 mb reac=   0.000E+00
      J/pi= 19.0+    xs(inel)=   0.000E+00 mb reac=   0.000E+00
      J/pi= 19.0-    xs(inel)=   0.104E+02 mb reac=   0.571E+02
      J/pi= 20.0+    xs(inel)=   0.802E+01 mb reac=   0.402E+02
      J/pi= 20.0-    xs(inel)=   0.000E+00 mb reac=   0.000E+00
      J/pi= 21.0+    xs(inel)=   0.000E+00 mb reac=   0.000E+00
      J/pi= 21.0-    xs(inel)=   0.581E+01 mb reac=   0.277E+02
      J/pi= 22.0+    xs(inel)=   0.404E+01 mb reac=   0.188E+02
      J/pi= 22.0-    xs(inel)=   0.000E+00 mb reac=   0.000E+00
      J/pi= 23.0+    xs(inel)=   0.000E+00 mb reac=   0.000E+00
      J/pi= 23.0-    xs(inel)=   0.273E+01 mb reac=   0.126E+02
      J/pi= 24.0+    xs(inel)=   0.181E+01 mb reac=   0.846E+01
      J/pi= 24.0-    xs(inel)=   0.000E+00 mb reac=   0.000E+00
      J/pi= 25.0+    xs(inel)=   0.000E+00 mb reac=   0.000E+00
      J/pi= 25.0-    xs(inel)=   0.119E+01 mb reac=   0.565E+01
      J/pi= 26.0+    xs(inel)=   0.772E+00 mb reac=   0.377E+01
      J/pi= 26.0-    xs(inel)=   0.000E+00 mb reac=   0.000E+00
      J/pi= 27.0+    xs(inel)=   0.000E+00 mb reac=   0.000E+00
      J/pi= 27.0-    xs(inel)=   0.500E+00 mb reac=   0.252E+01
      J/pi= 28.0+    xs(inel)=   0.323E+00 mb reac=   0.169E+01
      J/pi= 28.0-    xs(inel)=   0.000E+00 mb reac=   0.000E+00
      J/pi= 29.0+    xs(inel)=   0.000E+00 mb reac=   0.000E+00
      J/pi= 29.0-    xs(inel)=   0.208E+00 mb reac=   0.113E+01
      J/pi= 30.0+    xs(inel)=   0.134E+00 mb reac=   0.759E+00
      J/pi= 30.0-    xs(inel)=   0.000E+00 mb reac=   0.000E+00
      J/pi= 31.0+    xs(inel)=   0.000E+00 mb reac=   0.000E+00
      J/pi= 31.0-    xs(inel)=   0.866E-01 mb reac=   0.510E+00
      J/pi= 32.0+    xs(inel)=   0.559E-01 mb reac=   0.344E+00
      J/pi= 32.0-    xs(inel)=   0.000E+00 mb reac=   0.000E+00
      J/pi= 33.0+    xs(inel)=   0.000E+00 mb reac=   0.000E+00
      J/pi= 33.0-    xs(inel)=   0.361E-01 mb reac=   0.233E+00
      J/pi= 34.0+    xs(inel)=   0.234E-01 mb reac=   0.158E+00
      J/pi= 34.0-    xs(inel)=   0.000E+00 mb reac=   0.000E+00
      J/pi= 35.0+    xs(inel)=   0.000E+00 mb reac=   0.000E+00
      J/pi= 35.0-    xs(inel)=   0.151E-01 mb reac=   0.107E+00
      J/pi= 36.0+    xs(inel)=   0.982E-02 mb reac=   0.728E-01
      J/pi= 36.0-    xs(inel)=   0.000E+00 mb reac=   0.000E+00
      J/pi= 37.0+    xs(inel)=   0.000E+00 mb reac=   0.000E+00
      J/pi= 37.0-    xs(inel)=   0.638E-02 mb reac=   0.496E-01
      J/pi= 38.0+    xs(inel)=   0.414E-02 mb reac=   0.339E-01
      J/pi= 38.0-    xs(inel)=   0.000E+00 mb reac=   0.000E+00
      J/pi= 39.0+    xs(inel)=   0.000E+00 mb reac=   0.000E+00
      J/pi= 39.0-    xs(inel)=   0.269E-02 mb reac=   0.232E-01
      J/pi= 40.0+    xs(inel)=   0.175E-02 mb reac=   0.159E-01
      J/pi= 40.0-    xs(inel)=   0.000E+00 mb reac=   0.000E+00
      J/pi= 41.0+    xs(inel)=   0.000E+00 mb reac=   0.000E+00
      J/pi= 41.0-    xs(inel)=   0.114E-02 mb reac=   0.109E-01
      J/pi= 42.0+    xs(inel)=   0.744E-03 mb reac=   0.750E-02
      J/pi= 42.0-    xs(inel)=   0.000E+00 mb reac=   0.000E+00
      J/pi= 43.0+    xs(inel)=   0.000E+00 mb reac=   0.000E+00
      J/pi= 43.0-    xs(inel)=   0.485E-03 mb reac=   0.517E-02
      J/pi= 44.0+    xs(inel)=   0.317E-03 mb reac=   0.356E-02
      J/pi= 44.0-    xs(inel)=   0.000E+00 mb reac=   0.000E+00
      J/pi= 45.0+    xs(inel)=   0.000E+00 mb reac=   0.000E+00
      J/pi= 45.0-    xs(inel)=   0.207E-03 mb reac=   0.246E-02
      J/pi= 46.0+    xs(inel)=   0.135E-03 mb reac=   0.170E-02
      J/pi= 46.0-    xs(inel)=   0.000E+00 mb reac=   0.000E+00
      J/pi= 47.0+    xs(inel)=   0.000E+00 mb reac=   0.000E+00
      J/pi= 47.0-    xs(inel)=   0.885E-04 mb reac=   0.118E-02
      J/pi= 48.0+    xs(inel)=   0.578E-04 mb reac=   0.818E-03
      J/pi= 48.0-    xs(inel)=   0.000E+00 mb reac=   0.000E+00
      J/pi= 49.0+    xs(inel)=   0.000E+00 mb reac=   0.000E+00
      J/pi= 49.0-    xs(inel)=   0.377E-04 mb reac=   0.570E-03
      J/pi= 50.0+    xs(inel)=   0.246E-04 mb reac=   0.398E-03
      J/pi= 50.0-    xs(inel)=   0.000E+00 mb reac=   0.000E+00


    INTEGRATED CROSS SECTIONS:
      o Reaction cross section  =1570.087 mb
      o Total inel+bu x-section =  90.362 mb
      o Absorption cross section=1479.725 mb


  o Angle-integrated xs for each state:
        #   1     0.0+    -2.218->    0.000000 mb
        #   2     0.0+     0.307->    7.976305 mb
        #   3     0.0+     0.883->   15.694075 mb
        #   4     0.0+     1.780->   17.525273 mb
        #   5     0.0+     2.999->   15.002798 mb
        #   6     0.0+     4.539->   11.103565 mb
        #   7     0.0+     6.402->    7.867385 mb
        #   8     0.0+     8.586->    5.352739 mb
        #   9     0.0+    11.091->    3.570138 mb
        #  10     0.0+    13.919->    2.287855 mb
        #  11     0.0+    17.068->    1.455952 mb
        #  12     0.0+    20.539->    0.947592 mb
        #  13     0.0+    24.332->    0.640091 mb
        #  14     0.0+    28.446->    0.452015 mb
        #  15     0.0+    32.883->    0.305817 mb
        #  16     0.0+    37.641->    0.180136 mb

  The following files have been created:
  44: Fragment-target potentials.              45: Phase-shifts.                           
  46: Eigenphases.                             79: List of full H matrix eigenvalues.      
 101: Channel WFs of H eigenvalues.           105: Channel WFs of H eigenvalues.           
 137: Scattering amplitudes.                  170: Elastic S-matrix elements.              
 300: All diff. x-sections.                   301: Separate diff. x-sections.              
 302: Separate diff. x-sections.              303: Separate diff. x-sections.              
 304: Separate diff. x-sections.              305: Separate diff. x-sections.              
 306: Separate diff. x-sections.              307: Separate diff. x-sections.              
 308: Separate diff. x-sections.              309: Separate diff. x-sections.              
 
 Timings:
  CC integration :   1.1883169999999996       secs
  Matching :  0.11279099999999254       secs
